{"/home/ramsundhar/Downloads/assessment-3-chat-api-20260205T071340Z-1-001/assessment-3-chat-api/data/messages.js": {"path":"/home/ramsundhar/Downloads/assessment-3-chat-api-20260205T071340Z-1-001/assessment-3-chat-api/data/messages.js","statementMap":{"0":{"start":{"line":3,"column":23},"end":{"line":3,"column":38}},"1":{"start":{"line":6,"column":15},"end":{"line":40,"column":1}},"2":{"start":{"line":49,"column":61},"end":{"line":49,"column":68}},"3":{"start":{"line":51,"column":21},"end":{"line":51,"column":62}},"4":{"start":{"line":51,"column":42},"end":{"line":51,"column":61}},"5":{"start":{"line":53,"column":2},"end":{"line":55,"column":3}},"6":{"start":{"line":54,"column":4},"end":{"line":54,"column":56}},"7":{"start":{"line":54,"column":44},"end":{"line":54,"column":54}},"8":{"start":{"line":57,"column":16},"end":{"line":57,"column":35}},"9":{"start":{"line":58,"column":28},"end":{"line":58,"column":70}},"10":{"start":{"line":60,"column":2},"end":{"line":60,"column":48}},"11":{"start":{"line":70,"column":16},"end":{"line":70,"column":68}},"12":{"start":{"line":70,"column":35},"end":{"line":70,"column":67}},"13":{"start":{"line":72,"column":2},"end":{"line":74,"column":3}},"14":{"start":{"line":73,"column":4},"end":{"line":73,"column":16}},"15":{"start":{"line":76,"column":2},"end":{"line":76,"column":25}},"16":{"start":{"line":85,"column":21},"end":{"line":95,"column":3}},"17":{"start":{"line":97,"column":2},"end":{"line":97,"column":28}},"18":{"start":{"line":98,"column":2},"end":{"line":98,"column":20}},"19":{"start":{"line":109,"column":18},"end":{"line":109,"column":70}},"20":{"start":{"line":109,"column":37},"end":{"line":109,"column":69}},"21":{"start":{"line":111,"column":2},"end":{"line":111,"column":28}},"22":{"start":{"line":111,"column":16},"end":{"line":111,"column":28}},"23":{"start":{"line":114,"column":2},"end":{"line":118,"column":5}},"24":{"start":{"line":120,"column":2},"end":{"line":120,"column":31}},"25":{"start":{"line":121,"column":2},"end":{"line":121,"column":24}},"26":{"start":{"line":122,"column":2},"end":{"line":122,"column":50}},"27":{"start":{"line":124,"column":2},"end":{"line":124,"column":17}},"28":{"start":{"line":134,"column":18},"end":{"line":134,"column":70}},"29":{"start":{"line":134,"column":37},"end":{"line":134,"column":69}},"30":{"start":{"line":136,"column":2},"end":{"line":136,"column":29}},"31":{"start":{"line":136,"column":16},"end":{"line":136,"column":29}},"32":{"start":{"line":138,"column":2},"end":{"line":138,"column":25}},"33":{"start":{"line":139,"column":2},"end":{"line":139,"column":47}},"34":{"start":{"line":140,"column":2},"end":{"line":140,"column":32}},"35":{"start":{"line":142,"column":2},"end":{"line":142,"column":14}},"36":{"start":{"line":152,"column":18},"end":{"line":152,"column":37}},"37":{"start":{"line":153,"column":2},"end":{"line":153,"column":29}},"38":{"start":{"line":153,"column":16},"end":{"line":153,"column":29}},"39":{"start":{"line":154,"column":2},"end":{"line":154,"column":35}},"40":{"start":{"line":163,"column":2},"end":{"line":163,"column":65}},"41":{"start":{"line":163,"column":30},"end":{"line":163,"column":63}},"42":{"start":{"line":173,"column":21},"end":{"line":173,"column":40}},"43":{"start":{"line":175,"column":2},"end":{"line":179,"column":5}},"44":{"start":{"line":176,"column":4},"end":{"line":176,"column":32}},"45":{"start":{"line":176,"column":19},"end":{"line":176,"column":32}},"46":{"start":{"line":177,"column":4},"end":{"line":177,"column":52}},"47":{"start":{"line":177,"column":39},"end":{"line":177,"column":52}},"48":{"start":{"line":178,"column":4},"end":{"line":178,"column":56}},"49":{"start":{"line":182,"column":0},"end":{"line":191,"column":2}}},"fnMap":{"0":{"name":"getByRoom","decl":{"start":{"line":48,"column":9},"end":{"line":48,"column":18}},"loc":{"start":{"line":48,"column":41},"end":{"line":61,"column":1}},"line":48},"1":{"name":"(anonymous_1)","decl":{"start":{"line":51,"column":37},"end":{"line":51,"column":38}},"loc":{"start":{"line":51,"column":42},"end":{"line":51,"column":61}},"line":51},"2":{"name":"(anonymous_2)","decl":{"start":{"line":54,"column":39},"end":{"line":54,"column":40}},"loc":{"start":{"line":54,"column":44},"end":{"line":54,"column":54}},"line":54},"3":{"name":"findById","decl":{"start":{"line":69,"column":9},"end":{"line":69,"column":17}},"loc":{"start":{"line":69,"column":44},"end":{"line":77,"column":1}},"line":69},"4":{"name":"(anonymous_4)","decl":{"start":{"line":70,"column":30},"end":{"line":70,"column":31}},"loc":{"start":{"line":70,"column":35},"end":{"line":70,"column":67}},"line":70},"5":{"name":"createMessage","decl":{"start":{"line":84,"column":9},"end":{"line":84,"column":22}},"loc":{"start":{"line":84,"column":36},"end":{"line":99,"column":1}},"line":84},"6":{"name":"updateMessage","decl":{"start":{"line":108,"column":9},"end":{"line":108,"column":22}},"loc":{"start":{"line":108,"column":56},"end":{"line":125,"column":1}},"line":108},"7":{"name":"(anonymous_7)","decl":{"start":{"line":109,"column":32},"end":{"line":109,"column":33}},"loc":{"start":{"line":109,"column":37},"end":{"line":109,"column":69}},"line":109},"8":{"name":"deleteMessage","decl":{"start":{"line":133,"column":9},"end":{"line":133,"column":22}},"loc":{"start":{"line":133,"column":45},"end":{"line":143,"column":1}},"line":133},"9":{"name":"(anonymous_9)","decl":{"start":{"line":134,"column":32},"end":{"line":134,"column":33}},"loc":{"start":{"line":134,"column":37},"end":{"line":134,"column":69}},"line":134},"10":{"name":"isOwner","decl":{"start":{"line":151,"column":9},"end":{"line":151,"column":16}},"loc":{"start":{"line":151,"column":36},"end":{"line":155,"column":1}},"line":151},"11":{"name":"getByUser","decl":{"start":{"line":162,"column":9},"end":{"line":162,"column":18}},"loc":{"start":{"line":162,"column":27},"end":{"line":164,"column":1}},"line":162},"12":{"name":"(anonymous_12)","decl":{"start":{"line":163,"column":25},"end":{"line":163,"column":26}},"loc":{"start":{"line":163,"column":30},"end":{"line":163,"column":63}},"line":163},"13":{"name":"searchMessages","decl":{"start":{"line":172,"column":9},"end":{"line":172,"column":23}},"loc":{"start":{"line":172,"column":46},"end":{"line":180,"column":1}},"line":172},"14":{"name":"(anonymous_14)","decl":{"start":{"line":175,"column":25},"end":{"line":175,"column":26}},"loc":{"start":{"line":175,"column":30},"end":{"line":179,"column":3}},"line":175}},"branchMap":{"0":{"loc":{"start":{"line":48,"column":27},"end":{"line":48,"column":39}},"type":"default-arg","locations":[{"start":{"line":48,"column":37},"end":{"line":48,"column":39}}],"line":48},"1":{"loc":{"start":{"line":49,"column":10},"end":{"line":49,"column":20}},"type":"default-arg","locations":[{"start":{"line":49,"column":18},"end":{"line":49,"column":20}}],"line":49},"2":{"loc":{"start":{"line":49,"column":22},"end":{"line":49,"column":32}},"type":"default-arg","locations":[{"start":{"line":49,"column":31},"end":{"line":49,"column":32}}],"line":49},"3":{"loc":{"start":{"line":49,"column":34},"end":{"line":49,"column":56}},"type":"default-arg","locations":[{"start":{"line":49,"column":51},"end":{"line":49,"column":56}}],"line":49},"4":{"loc":{"start":{"line":53,"column":2},"end":{"line":55,"column":3}},"type":"if","locations":[{"start":{"line":53,"column":2},"end":{"line":55,"column":3}},{"start":{},"end":{}}],"line":53},"5":{"loc":{"start":{"line":69,"column":29},"end":{"line":69,"column":42}},"type":"default-arg","locations":[{"start":{"line":69,"column":38},"end":{"line":69,"column":42}}],"line":69},"6":{"loc":{"start":{"line":70,"column":35},"end":{"line":70,"column":67}},"type":"binary-expr","locations":[{"start":{"line":70,"column":35},"end":{"line":70,"column":53}},{"start":{"line":70,"column":57},"end":{"line":70,"column":67}}],"line":70},"7":{"loc":{"start":{"line":72,"column":2},"end":{"line":74,"column":3}},"type":"if","locations":[{"start":{"line":72,"column":2},"end":{"line":74,"column":3}},{"start":{},"end":{}}],"line":72},"8":{"loc":{"start":{"line":72,"column":6},"end":{"line":72,"column":52}},"type":"binary-expr","locations":[{"start":{"line":72,"column":6},"end":{"line":72,"column":13}},{"start":{"line":72,"column":17},"end":{"line":72,"column":23}},{"start":{"line":72,"column":27},"end":{"line":72,"column":52}}],"line":72},"9":{"loc":{"start":{"line":76,"column":9},"end":{"line":76,"column":24}},"type":"binary-expr","locations":[{"start":{"line":76,"column":9},"end":{"line":76,"column":16}},{"start":{"line":76,"column":20},"end":{"line":76,"column":24}}],"line":76},"10":{"loc":{"start":{"line":86,"column":8},"end":{"line":86,"column":34}},"type":"binary-expr","locations":[{"start":{"line":86,"column":8},"end":{"line":86,"column":22}},{"start":{"line":86,"column":26},"end":{"line":86,"column":34}}],"line":86},"11":{"loc":{"start":{"line":109,"column":37},"end":{"line":109,"column":69}},"type":"binary-expr","locations":[{"start":{"line":109,"column":37},"end":{"line":109,"column":55}},{"start":{"line":109,"column":59},"end":{"line":109,"column":69}}],"line":109},"12":{"loc":{"start":{"line":111,"column":2},"end":{"line":111,"column":28}},"type":"if","locations":[{"start":{"line":111,"column":2},"end":{"line":111,"column":28}},{"start":{},"end":{}}],"line":111},"13":{"loc":{"start":{"line":134,"column":37},"end":{"line":134,"column":69}},"type":"binary-expr","locations":[{"start":{"line":134,"column":37},"end":{"line":134,"column":55}},{"start":{"line":134,"column":59},"end":{"line":134,"column":69}}],"line":134},"14":{"loc":{"start":{"line":136,"column":2},"end":{"line":136,"column":29}},"type":"if","locations":[{"start":{"line":136,"column":2},"end":{"line":136,"column":29}},{"start":{},"end":{}}],"line":136},"15":{"loc":{"start":{"line":153,"column":2},"end":{"line":153,"column":29}},"type":"if","locations":[{"start":{"line":153,"column":2},"end":{"line":153,"column":29}},{"start":{},"end":{}}],"line":153},"16":{"loc":{"start":{"line":163,"column":30},"end":{"line":163,"column":63}},"type":"binary-expr","locations":[{"start":{"line":163,"column":30},"end":{"line":163,"column":49}},{"start":{"line":163,"column":53},"end":{"line":163,"column":63}}],"line":163},"17":{"loc":{"start":{"line":172,"column":31},"end":{"line":172,"column":44}},"type":"default-arg","locations":[{"start":{"line":172,"column":40},"end":{"line":172,"column":44}}],"line":172},"18":{"loc":{"start":{"line":176,"column":4},"end":{"line":176,"column":32}},"type":"if","locations":[{"start":{"line":176,"column":4},"end":{"line":176,"column":32}},{"start":{},"end":{}}],"line":176},"19":{"loc":{"start":{"line":177,"column":4},"end":{"line":177,"column":52}},"type":"if","locations":[{"start":{"line":177,"column":4},"end":{"line":177,"column":52}},{"start":{},"end":{}}],"line":177},"20":{"loc":{"start":{"line":177,"column":8},"end":{"line":177,"column":37}},"type":"binary-expr","locations":[{"start":{"line":177,"column":8},"end":{"line":177,"column":14}},{"start":{"line":177,"column":18},"end":{"line":177,"column":37}}],"line":177}},"s":{"0":3,"1":3,"2":1,"3":1,"4":3,"5":1,"6":1,"7":2,"8":1,"9":1,"10":1,"11":6,"12":32,"13":6,"14":0,"15":6,"16":3,"17":3,"18":3,"19":1,"20":5,"21":1,"22":0,"23":1,"24":1,"25":1,"26":1,"27":1,"28":1,"29":6,"30":1,"31":0,"32":1,"33":1,"34":1,"35":1,"36":3,"37":3,"38":0,"39":3,"40":0,"41":0,"42":0,"43":0,"44":0,"45":0,"46":0,"47":0,"48":0,"49":3},"f":{"0":1,"1":3,"2":2,"3":6,"4":32,"5":3,"6":1,"7":5,"8":1,"9":6,"10":3,"11":0,"12":0,"13":0,"14":0},"b":{"0":[0],"1":[0],"2":[0],"3":[1],"4":[1,0],"5":[3],"6":[32,6],"7":[0,6],"8":[6,6,3],"9":[6,0],"10":[3,0],"11":[5,1],"12":[0,1],"13":[6,1],"14":[0,1],"15":[0,3],"16":[0,0],"17":[0],"18":[0,0],"19":[0,0],"20":[0,0]},"_coverageSchema":"1a1c01bbd47fc00a2c39e90264f33305004495a9","hash":"e680098be8aa58b3442a28deeb57e5563fd7fc77"}
,"/home/ramsundhar/Downloads/assessment-3-chat-api-20260205T071340Z-1-001/assessment-3-chat-api/data/rooms.js": {"path":"/home/ramsundhar/Downloads/assessment-3-chat-api-20260205T071340Z-1-001/assessment-3-chat-api/data/rooms.js","statementMap":{"0":{"start":{"line":4,"column":14},"end":{"line":21,"column":1}},"1":{"start":{"line":28,"column":2},"end":{"line":28,"column":15}},"2":{"start":{"line":37,"column":2},"end":{"line":37,"column":50}},"3":{"start":{"line":37,"column":25},"end":{"line":37,"column":40}},"4":{"start":{"line":47,"column":15},"end":{"line":47,"column":31}},"5":{"start":{"line":48,"column":2},"end":{"line":48,"column":26}},"6":{"start":{"line":48,"column":13},"end":{"line":48,"column":26}},"7":{"start":{"line":49,"column":2},"end":{"line":49,"column":39}},"8":{"start":{"line":59,"column":15},"end":{"line":59,"column":31}},"9":{"start":{"line":60,"column":2},"end":{"line":60,"column":26}},"10":{"start":{"line":60,"column":13},"end":{"line":60,"column":26}},"11":{"start":{"line":63,"column":2},"end":{"line":63,"column":42}},"12":{"start":{"line":63,"column":30},"end":{"line":63,"column":42}},"13":{"start":{"line":66,"column":2},"end":{"line":66,"column":39}},"14":{"start":{"line":76,"column":15},"end":{"line":76,"column":31}},"15":{"start":{"line":77,"column":2},"end":{"line":77,"column":26}},"16":{"start":{"line":77,"column":13},"end":{"line":77,"column":26}},"17":{"start":{"line":78,"column":2},"end":{"line":78,"column":35}},"18":{"start":{"line":88,"column":15},"end":{"line":88,"column":31}},"19":{"start":{"line":89,"column":2},"end":{"line":89,"column":26}},"20":{"start":{"line":89,"column":13},"end":{"line":89,"column":26}},"21":{"start":{"line":91,"column":2},"end":{"line":93,"column":3}},"22":{"start":{"line":92,"column":4},"end":{"line":92,"column":30}},"23":{"start":{"line":94,"column":2},"end":{"line":94,"column":14}},"24":{"start":{"line":104,"column":15},"end":{"line":104,"column":31}},"25":{"start":{"line":105,"column":2},"end":{"line":105,"column":26}},"26":{"start":{"line":105,"column":13},"end":{"line":105,"column":26}},"27":{"start":{"line":107,"column":16},"end":{"line":107,"column":44}},"28":{"start":{"line":108,"column":2},"end":{"line":111,"column":3}},"29":{"start":{"line":109,"column":4},"end":{"line":109,"column":34}},"30":{"start":{"line":110,"column":4},"end":{"line":110,"column":16}},"31":{"start":{"line":112,"column":2},"end":{"line":112,"column":15}},"32":{"start":{"line":121,"column":18},"end":{"line":128,"column":3}},"33":{"start":{"line":130,"column":2},"end":{"line":130,"column":22}},"34":{"start":{"line":131,"column":2},"end":{"line":131,"column":17}},"35":{"start":{"line":140,"column":2},"end":{"line":140,"column":78}},"36":{"start":{"line":140,"column":27},"end":{"line":140,"column":76}},"37":{"start":{"line":143,"column":0},"end":{"line":153,"column":2}}},"fnMap":{"0":{"name":"getAllRooms","decl":{"start":{"line":27,"column":9},"end":{"line":27,"column":20}},"loc":{"start":{"line":27,"column":23},"end":{"line":29,"column":1}},"line":27},"1":{"name":"findById","decl":{"start":{"line":36,"column":9},"end":{"line":36,"column":17}},"loc":{"start":{"line":36,"column":26},"end":{"line":38,"column":1}},"line":36},"2":{"name":"(anonymous_2)","decl":{"start":{"line":37,"column":20},"end":{"line":37,"column":21}},"loc":{"start":{"line":37,"column":25},"end":{"line":37,"column":40}},"line":37},"3":{"name":"isMember","decl":{"start":{"line":46,"column":9},"end":{"line":46,"column":17}},"loc":{"start":{"line":46,"column":34},"end":{"line":50,"column":1}},"line":46},"4":{"name":"canAccess","decl":{"start":{"line":58,"column":9},"end":{"line":58,"column":18}},"loc":{"start":{"line":58,"column":35},"end":{"line":67,"column":1}},"line":58},"5":{"name":"isOwner","decl":{"start":{"line":75,"column":9},"end":{"line":75,"column":16}},"loc":{"start":{"line":75,"column":33},"end":{"line":79,"column":1}},"line":75},"6":{"name":"addMember","decl":{"start":{"line":87,"column":9},"end":{"line":87,"column":18}},"loc":{"start":{"line":87,"column":35},"end":{"line":95,"column":1}},"line":87},"7":{"name":"removeMember","decl":{"start":{"line":103,"column":9},"end":{"line":103,"column":21}},"loc":{"start":{"line":103,"column":38},"end":{"line":113,"column":1}},"line":103},"8":{"name":"createRoom","decl":{"start":{"line":120,"column":9},"end":{"line":120,"column":19}},"loc":{"start":{"line":120,"column":30},"end":{"line":132,"column":1}},"line":120},"9":{"name":"getRoomsForUser","decl":{"start":{"line":139,"column":9},"end":{"line":139,"column":24}},"loc":{"start":{"line":139,"column":33},"end":{"line":141,"column":1}},"line":139},"10":{"name":"(anonymous_10)","decl":{"start":{"line":140,"column":22},"end":{"line":140,"column":23}},"loc":{"start":{"line":140,"column":27},"end":{"line":140,"column":76}},"line":140}},"branchMap":{"0":{"loc":{"start":{"line":37,"column":9},"end":{"line":37,"column":49}},"type":"binary-expr","locations":[{"start":{"line":37,"column":9},"end":{"line":37,"column":41}},{"start":{"line":37,"column":45},"end":{"line":37,"column":49}}],"line":37},"1":{"loc":{"start":{"line":48,"column":2},"end":{"line":48,"column":26}},"type":"if","locations":[{"start":{"line":48,"column":2},"end":{"line":48,"column":26}},{"start":{},"end":{}}],"line":48},"2":{"loc":{"start":{"line":60,"column":2},"end":{"line":60,"column":26}},"type":"if","locations":[{"start":{"line":60,"column":2},"end":{"line":60,"column":26}},{"start":{},"end":{}}],"line":60},"3":{"loc":{"start":{"line":63,"column":2},"end":{"line":63,"column":42}},"type":"if","locations":[{"start":{"line":63,"column":2},"end":{"line":63,"column":42}},{"start":{},"end":{}}],"line":63},"4":{"loc":{"start":{"line":77,"column":2},"end":{"line":77,"column":26}},"type":"if","locations":[{"start":{"line":77,"column":2},"end":{"line":77,"column":26}},{"start":{},"end":{}}],"line":77},"5":{"loc":{"start":{"line":89,"column":2},"end":{"line":89,"column":26}},"type":"if","locations":[{"start":{"line":89,"column":2},"end":{"line":89,"column":26}},{"start":{},"end":{}}],"line":89},"6":{"loc":{"start":{"line":91,"column":2},"end":{"line":93,"column":3}},"type":"if","locations":[{"start":{"line":91,"column":2},"end":{"line":93,"column":3}},{"start":{},"end":{}}],"line":91},"7":{"loc":{"start":{"line":105,"column":2},"end":{"line":105,"column":26}},"type":"if","locations":[{"start":{"line":105,"column":2},"end":{"line":105,"column":26}},{"start":{},"end":{}}],"line":105},"8":{"loc":{"start":{"line":108,"column":2},"end":{"line":111,"column":3}},"type":"if","locations":[{"start":{"line":108,"column":2},"end":{"line":111,"column":3}},{"start":{},"end":{}}],"line":108},"9":{"loc":{"start":{"line":124,"column":10},"end":{"line":124,"column":35}},"type":"binary-expr","locations":[{"start":{"line":124,"column":10},"end":{"line":124,"column":23}},{"start":{"line":124,"column":27},"end":{"line":124,"column":35}}],"line":124},"10":{"loc":{"start":{"line":126,"column":13},"end":{"line":126,"column":53}},"type":"binary-expr","locations":[{"start":{"line":126,"column":13},"end":{"line":126,"column":29}},{"start":{"line":126,"column":33},"end":{"line":126,"column":53}}],"line":126},"11":{"loc":{"start":{"line":140,"column":27},"end":{"line":140,"column":76}},"type":"binary-expr","locations":[{"start":{"line":140,"column":27},"end":{"line":140,"column":46}},{"start":{"line":140,"column":50},"end":{"line":140,"column":76}}],"line":140}},"s":{"0":3,"1":1,"2":15,"3":17,"4":3,"5":3,"6":0,"7":3,"8":3,"9":3,"10":0,"11":3,"12":3,"13":0,"14":1,"15":1,"16":0,"17":1,"18":0,"19":0,"20":0,"21":0,"22":0,"23":0,"24":0,"25":0,"26":0,"27":0,"28":0,"29":0,"30":0,"31":0,"32":0,"33":0,"34":0,"35":0,"36":0,"37":3},"f":{"0":1,"1":15,"2":17,"3":3,"4":3,"5":1,"6":0,"7":0,"8":0,"9":0,"10":0},"b":{"0":[15,1],"1":[0,3],"2":[0,3],"3":[3,0],"4":[0,1],"5":[0,0],"6":[0,0],"7":[0,0],"8":[0,0],"9":[0,0],"10":[0,0],"11":[0,0]},"_coverageSchema":"1a1c01bbd47fc00a2c39e90264f33305004495a9","hash":"63f91024b8259d0e94eb0b8aa966fd9cd5f6aa77"}
,"/home/ramsundhar/Downloads/assessment-3-chat-api-20260205T071340Z-1-001/assessment-3-chat-api/data/sessions.js": {"path":"/home/ramsundhar/Downloads/assessment-3-chat-api-20260205T071340Z-1-001/assessment-3-chat-api/data/sessions.js","statementMap":{"0":{"start":{"line":4,"column":15},"end":{"line":4,"column":35}},"1":{"start":{"line":7,"column":23},"end":{"line":7,"column":32}},"2":{"start":{"line":10,"column":23},"end":{"line":10,"column":32}},"3":{"start":{"line":13,"column":22},"end":{"line":13,"column":26}},"4":{"start":{"line":23,"column":14},"end":{"line":23,"column":24}},"5":{"start":{"line":24,"column":20},"end":{"line":24,"column":67}},"6":{"start":{"line":26,"column":18},"end":{"line":33,"column":3}},"7":{"start":{"line":35,"column":2},"end":{"line":35,"column":41}},"8":{"start":{"line":36,"column":2},"end":{"line":36,"column":17}},"9":{"start":{"line":45,"column":18},"end":{"line":45,"column":47}},"10":{"start":{"line":47,"column":2},"end":{"line":53,"column":3}},"11":{"start":{"line":49,"column":4},"end":{"line":52,"column":5}},"12":{"start":{"line":50,"column":6},"end":{"line":50,"column":39}},"13":{"start":{"line":51,"column":6},"end":{"line":51,"column":18}},"14":{"start":{"line":55,"column":2},"end":{"line":55,"column":25}},"15":{"start":{"line":63,"column":18},"end":{"line":63,"column":47}},"16":{"start":{"line":64,"column":2},"end":{"line":66,"column":3}},"17":{"start":{"line":65,"column":4},"end":{"line":65,"column":52}},"18":{"start":{"line":75,"column":2},"end":{"line":75,"column":42}},"19":{"start":{"line":84,"column":16},"end":{"line":84,"column":17}},"20":{"start":{"line":85,"column":2},"end":{"line":90,"column":3}},"21":{"start":{"line":86,"column":4},"end":{"line":89,"column":5}},"22":{"start":{"line":87,"column":6},"end":{"line":87,"column":39}},"23":{"start":{"line":88,"column":6},"end":{"line":88,"column":16}},"24":{"start":{"line":91,"column":2},"end":{"line":91,"column":17}},"25":{"start":{"line":100,"column":2},"end":{"line":100,"column":40}},"26":{"start":{"line":109,"column":2},"end":{"line":112,"column":5}},"27":{"start":{"line":121,"column":16},"end":{"line":121,"column":44}},"28":{"start":{"line":123,"column":2},"end":{"line":130,"column":3}},"29":{"start":{"line":125,"column":4},"end":{"line":128,"column":5}},"30":{"start":{"line":126,"column":6},"end":{"line":126,"column":38}},"31":{"start":{"line":127,"column":6},"end":{"line":127,"column":19}},"32":{"start":{"line":129,"column":4},"end":{"line":129,"column":16}},"33":{"start":{"line":132,"column":2},"end":{"line":132,"column":15}},"34":{"start":{"line":139,"column":14},"end":{"line":139,"column":24}},"35":{"start":{"line":142,"column":2},"end":{"line":146,"column":3}},"36":{"start":{"line":143,"column":4},"end":{"line":145,"column":5}},"37":{"start":{"line":144,"column":6},"end":{"line":144,"column":39}},"38":{"start":{"line":149,"column":2},"end":{"line":153,"column":3}},"39":{"start":{"line":150,"column":4},"end":{"line":152,"column":5}},"40":{"start":{"line":151,"column":6},"end":{"line":151,"column":38}},"41":{"start":{"line":160,"column":2},"end":{"line":160,"column":30}},"42":{"start":{"line":160,"column":23},"end":{"line":160,"column":30}},"43":{"start":{"line":162,"column":2},"end":{"line":162,"column":73}},"44":{"start":{"line":163,"column":2},"end":{"line":163,"column":43}},"45":{"start":{"line":170,"column":2},"end":{"line":173,"column":3}},"46":{"start":{"line":171,"column":4},"end":{"line":171,"column":35}},"47":{"start":{"line":172,"column":4},"end":{"line":172,"column":27}},"48":{"start":{"line":181,"column":2},"end":{"line":181,"column":29}},"49":{"start":{"line":189,"column":2},"end":{"line":189,"column":29}},"50":{"start":{"line":192,"column":0},"end":{"line":206,"column":2}}},"fnMap":{"0":{"name":"createSession","decl":{"start":{"line":22,"column":9},"end":{"line":22,"column":22}},"loc":{"start":{"line":22,"column":52},"end":{"line":37,"column":1}},"line":22},"1":{"name":"getSession","decl":{"start":{"line":44,"column":9},"end":{"line":44,"column":19}},"loc":{"start":{"line":44,"column":31},"end":{"line":56,"column":1}},"line":44},"2":{"name":"updateActivity","decl":{"start":{"line":62,"column":9},"end":{"line":62,"column":23}},"loc":{"start":{"line":62,"column":35},"end":{"line":67,"column":1}},"line":62},"3":{"name":"deleteSession","decl":{"start":{"line":74,"column":9},"end":{"line":74,"column":22}},"loc":{"start":{"line":74,"column":34},"end":{"line":76,"column":1}},"line":74},"4":{"name":"deleteUserSessions","decl":{"start":{"line":83,"column":9},"end":{"line":83,"column":27}},"loc":{"start":{"line":83,"column":36},"end":{"line":92,"column":1}},"line":83},"5":{"name":"isValidSession","decl":{"start":{"line":99,"column":9},"end":{"line":99,"column":23}},"loc":{"start":{"line":99,"column":35},"end":{"line":101,"column":1}},"line":99},"6":{"name":"blacklistToken","decl":{"start":{"line":108,"column":9},"end":{"line":108,"column":23}},"loc":{"start":{"line":108,"column":45},"end":{"line":113,"column":1}},"line":108},"7":{"name":"isTokenBlacklisted","decl":{"start":{"line":120,"column":9},"end":{"line":120,"column":27}},"loc":{"start":{"line":120,"column":38},"end":{"line":133,"column":1}},"line":120},"8":{"name":"cleanup","decl":{"start":{"line":138,"column":9},"end":{"line":138,"column":16}},"loc":{"start":{"line":138,"column":19},"end":{"line":154,"column":1}},"line":138},"9":{"name":"startCleanup","decl":{"start":{"line":159,"column":9},"end":{"line":159,"column":21}},"loc":{"start":{"line":159,"column":24},"end":{"line":164,"column":1}},"line":159},"10":{"name":"stopCleanup","decl":{"start":{"line":169,"column":9},"end":{"line":169,"column":20}},"loc":{"start":{"line":169,"column":23},"end":{"line":174,"column":1}},"line":169},"11":{"name":"getSessionCount","decl":{"start":{"line":180,"column":9},"end":{"line":180,"column":24}},"loc":{"start":{"line":180,"column":27},"end":{"line":182,"column":1}},"line":180},"12":{"name":"getBlacklistCount","decl":{"start":{"line":188,"column":9},"end":{"line":188,"column":26}},"loc":{"start":{"line":188,"column":29},"end":{"line":190,"column":1}},"line":188}},"branchMap":{"0":{"loc":{"start":{"line":47,"column":2},"end":{"line":53,"column":3}},"type":"if","locations":[{"start":{"line":47,"column":2},"end":{"line":53,"column":3}},{"start":{},"end":{}}],"line":47},"1":{"loc":{"start":{"line":49,"column":4},"end":{"line":52,"column":5}},"type":"if","locations":[{"start":{"line":49,"column":4},"end":{"line":52,"column":5}},{"start":{},"end":{}}],"line":49},"2":{"loc":{"start":{"line":55,"column":9},"end":{"line":55,"column":24}},"type":"binary-expr","locations":[{"start":{"line":55,"column":9},"end":{"line":55,"column":16}},{"start":{"line":55,"column":20},"end":{"line":55,"column":24}}],"line":55},"3":{"loc":{"start":{"line":64,"column":2},"end":{"line":66,"column":3}},"type":"if","locations":[{"start":{"line":64,"column":2},"end":{"line":66,"column":3}},{"start":{},"end":{}}],"line":64},"4":{"loc":{"start":{"line":86,"column":4},"end":{"line":89,"column":5}},"type":"if","locations":[{"start":{"line":86,"column":4},"end":{"line":89,"column":5}},{"start":{},"end":{}}],"line":86},"5":{"loc":{"start":{"line":123,"column":2},"end":{"line":130,"column":3}},"type":"if","locations":[{"start":{"line":123,"column":2},"end":{"line":130,"column":3}},{"start":{},"end":{}}],"line":123},"6":{"loc":{"start":{"line":125,"column":4},"end":{"line":128,"column":5}},"type":"if","locations":[{"start":{"line":125,"column":4},"end":{"line":128,"column":5}},{"start":{},"end":{}}],"line":125},"7":{"loc":{"start":{"line":143,"column":4},"end":{"line":145,"column":5}},"type":"if","locations":[{"start":{"line":143,"column":4},"end":{"line":145,"column":5}},{"start":{},"end":{}}],"line":143},"8":{"loc":{"start":{"line":150,"column":4},"end":{"line":152,"column":5}},"type":"if","locations":[{"start":{"line":150,"column":4},"end":{"line":152,"column":5}},{"start":{},"end":{}}],"line":150},"9":{"loc":{"start":{"line":160,"column":2},"end":{"line":160,"column":30}},"type":"if","locations":[{"start":{"line":160,"column":2},"end":{"line":160,"column":30}},{"start":{},"end":{}}],"line":160},"10":{"loc":{"start":{"line":170,"column":2},"end":{"line":173,"column":3}},"type":"if","locations":[{"start":{"line":170,"column":2},"end":{"line":173,"column":3}},{"start":{},"end":{}}],"line":170}},"s":{"0":3,"1":3,"2":3,"3":3,"4":9,"5":9,"6":9,"7":9,"8":9,"9":15,"10":15,"11":15,"12":0,"13":0,"14":15,"15":14,"16":14,"17":14,"18":1,"19":0,"20":0,"21":0,"22":0,"23":0,"24":0,"25":15,"26":1,"27":15,"28":15,"29":0,"30":0,"31":0,"32":0,"33":15,"34":0,"35":0,"36":0,"37":0,"38":0,"39":0,"40":0,"41":0,"42":0,"43":0,"44":0,"45":0,"46":0,"47":0,"48":0,"49":0,"50":3},"f":{"0":9,"1":15,"2":14,"3":1,"4":0,"5":15,"6":1,"7":15,"8":0,"9":0,"10":0,"11":0,"12":0},"b":{"0":[15,0],"1":[0,15],"2":[15,0],"3":[14,0],"4":[0,0],"5":[0,15],"6":[0,0],"7":[0,0],"8":[0,0],"9":[0,0],"10":[0,0]},"_coverageSchema":"1a1c01bbd47fc00a2c39e90264f33305004495a9","hash":"f904b43d1e1886e67db6cf08d63a9668670991fa"}
,"/home/ramsundhar/Downloads/assessment-3-chat-api-20260205T071340Z-1-001/assessment-3-chat-api/data/users.js": {"path":"/home/ramsundhar/Downloads/assessment-3-chat-api-20260205T071340Z-1-001/assessment-3-chat-api/data/users.js","statementMap":{"0":{"start":{"line":4,"column":15},"end":{"line":4,"column":32}},"1":{"start":{"line":5,"column":15},"end":{"line":5,"column":35}},"2":{"start":{"line":8,"column":12},"end":{"line":8,"column":14}},"3":{"start":{"line":9,"column":18},"end":{"line":9,"column":23}},"4":{"start":{"line":12,"column":21},"end":{"line":43,"column":1}},"5":{"start":{"line":49,"column":2},"end":{"line":49,"column":26}},"6":{"start":{"line":49,"column":19},"end":{"line":49,"column":26}},"7":{"start":{"line":51,"column":2},"end":{"line":64,"column":3}},"8":{"start":{"line":52,"column":25},"end":{"line":52,"column":92}},"9":{"start":{"line":53,"column":4},"end":{"line":63,"column":7}},"10":{"start":{"line":66,"column":2},"end":{"line":66,"column":21}},"11":{"start":{"line":67,"column":2},"end":{"line":67,"column":59}},"12":{"start":{"line":76,"column":2},"end":{"line":76,"column":58}},"13":{"start":{"line":76,"column":25},"end":{"line":76,"column":48}},"14":{"start":{"line":85,"column":2},"end":{"line":85,"column":52}},"15":{"start":{"line":85,"column":25},"end":{"line":85,"column":42}},"16":{"start":{"line":94,"column":2},"end":{"line":94,"column":46}},"17":{"start":{"line":94,"column":25},"end":{"line":94,"column":36}},"18":{"start":{"line":104,"column":2},"end":{"line":104,"column":79}},"19":{"start":{"line":104,"column":25},"end":{"line":104,"column":69}},"20":{"start":{"line":114,"column":2},"end":{"line":114,"column":48}},"21":{"start":{"line":123,"column":23},"end":{"line":123,"column":85}},"22":{"start":{"line":125,"column":18},"end":{"line":135,"column":3}},"23":{"start":{"line":137,"column":2},"end":{"line":137,"column":22}},"24":{"start":{"line":138,"column":2},"end":{"line":138,"column":17}},"25":{"start":{"line":148,"column":15},"end":{"line":148,"column":31}},"26":{"start":{"line":149,"column":2},"end":{"line":152,"column":3}},"27":{"start":{"line":150,"column":4},"end":{"line":150,"column":25}},"28":{"start":{"line":151,"column":4},"end":{"line":151,"column":45}},"29":{"start":{"line":153,"column":2},"end":{"line":153,"column":14}},"30":{"start":{"line":161,"column":2},"end":{"line":168,"column":6}},"31":{"start":{"line":161,"column":25},"end":{"line":168,"column":3}},"32":{"start":{"line":176,"column":2},"end":{"line":176,"column":21}},"33":{"start":{"line":179,"column":0},"end":{"line":190,"column":2}}},"fnMap":{"0":{"name":"initializeUsers","decl":{"start":{"line":48,"column":15},"end":{"line":48,"column":30}},"loc":{"start":{"line":48,"column":33},"end":{"line":68,"column":1}},"line":48},"1":{"name":"findByUsername","decl":{"start":{"line":75,"column":9},"end":{"line":75,"column":23}},"loc":{"start":{"line":75,"column":34},"end":{"line":77,"column":1}},"line":75},"2":{"name":"(anonymous_2)","decl":{"start":{"line":76,"column":20},"end":{"line":76,"column":21}},"loc":{"start":{"line":76,"column":25},"end":{"line":76,"column":48}},"line":76},"3":{"name":"findByEmail","decl":{"start":{"line":84,"column":9},"end":{"line":84,"column":20}},"loc":{"start":{"line":84,"column":28},"end":{"line":86,"column":1}},"line":84},"4":{"name":"(anonymous_4)","decl":{"start":{"line":85,"column":20},"end":{"line":85,"column":21}},"loc":{"start":{"line":85,"column":25},"end":{"line":85,"column":42}},"line":85},"5":{"name":"findById","decl":{"start":{"line":93,"column":9},"end":{"line":93,"column":17}},"loc":{"start":{"line":93,"column":22},"end":{"line":95,"column":1}},"line":93},"6":{"name":"(anonymous_6)","decl":{"start":{"line":94,"column":20},"end":{"line":94,"column":21}},"loc":{"start":{"line":94,"column":25},"end":{"line":94,"column":36}},"line":94},"7":{"name":"findExisting","decl":{"start":{"line":103,"column":9},"end":{"line":103,"column":21}},"loc":{"start":{"line":103,"column":39},"end":{"line":105,"column":1}},"line":103},"8":{"name":"(anonymous_8)","decl":{"start":{"line":104,"column":20},"end":{"line":104,"column":21}},"loc":{"start":{"line":104,"column":25},"end":{"line":104,"column":69}},"line":104},"9":{"name":"verifyPassword","decl":{"start":{"line":113,"column":15},"end":{"line":113,"column":29}},"loc":{"start":{"line":113,"column":54},"end":{"line":115,"column":1}},"line":113},"10":{"name":"createUser","decl":{"start":{"line":122,"column":15},"end":{"line":122,"column":25}},"loc":{"start":{"line":122,"column":36},"end":{"line":139,"column":1}},"line":122},"11":{"name":"updateStatus","decl":{"start":{"line":147,"column":9},"end":{"line":147,"column":21}},"loc":{"start":{"line":147,"column":38},"end":{"line":154,"column":1}},"line":147},"12":{"name":"getAllUsers","decl":{"start":{"line":160,"column":9},"end":{"line":160,"column":20}},"loc":{"start":{"line":160,"column":23},"end":{"line":169,"column":1}},"line":160},"13":{"name":"(anonymous_13)","decl":{"start":{"line":161,"column":19},"end":{"line":161,"column":20}},"loc":{"start":{"line":161,"column":25},"end":{"line":168,"column":3}},"line":161},"14":{"name":"isInitialized","decl":{"start":{"line":175,"column":9},"end":{"line":175,"column":22}},"loc":{"start":{"line":175,"column":25},"end":{"line":177,"column":1}},"line":175}},"branchMap":{"0":{"loc":{"start":{"line":49,"column":2},"end":{"line":49,"column":26}},"type":"if","locations":[{"start":{"line":49,"column":2},"end":{"line":49,"column":26}},{"start":{},"end":{}}],"line":49},"1":{"loc":{"start":{"line":76,"column":9},"end":{"line":76,"column":57}},"type":"binary-expr","locations":[{"start":{"line":76,"column":9},"end":{"line":76,"column":49}},{"start":{"line":76,"column":53},"end":{"line":76,"column":57}}],"line":76},"2":{"loc":{"start":{"line":85,"column":9},"end":{"line":85,"column":51}},"type":"binary-expr","locations":[{"start":{"line":85,"column":9},"end":{"line":85,"column":43}},{"start":{"line":85,"column":47},"end":{"line":85,"column":51}}],"line":85},"3":{"loc":{"start":{"line":94,"column":9},"end":{"line":94,"column":45}},"type":"binary-expr","locations":[{"start":{"line":94,"column":9},"end":{"line":94,"column":37}},{"start":{"line":94,"column":41},"end":{"line":94,"column":45}}],"line":94},"4":{"loc":{"start":{"line":104,"column":9},"end":{"line":104,"column":78}},"type":"binary-expr","locations":[{"start":{"line":104,"column":9},"end":{"line":104,"column":70}},{"start":{"line":104,"column":74},"end":{"line":104,"column":78}}],"line":104},"5":{"loc":{"start":{"line":104,"column":25},"end":{"line":104,"column":69}},"type":"binary-expr","locations":[{"start":{"line":104,"column":25},"end":{"line":104,"column":48}},{"start":{"line":104,"column":52},"end":{"line":104,"column":69}}],"line":104},"6":{"loc":{"start":{"line":149,"column":2},"end":{"line":152,"column":3}},"type":"if","locations":[{"start":{"line":149,"column":2},"end":{"line":152,"column":3}},{"start":{},"end":{}}],"line":149}},"s":{"0":3,"1":3,"2":3,"3":3,"4":3,"5":3,"6":0,"7":3,"8":9,"9":9,"10":3,"11":3,"12":10,"13":14,"14":1,"15":1,"16":26,"17":34,"18":2,"19":4,"20":10,"21":1,"22":1,"23":1,"24":1,"25":11,"26":11,"27":11,"28":11,"29":11,"30":0,"31":0,"32":0,"33":3},"f":{"0":3,"1":10,"2":14,"3":1,"4":1,"5":26,"6":34,"7":2,"8":4,"9":10,"10":1,"11":11,"12":0,"13":0,"14":0},"b":{"0":[0,3],"1":[10,1],"2":[1,0],"3":[26,0],"4":[2,1],"5":[4,3],"6":[11,0]},"_coverageSchema":"1a1c01bbd47fc00a2c39e90264f33305004495a9","hash":"93b4c5a394aa367300a63db7967322817111894d"}
,"/home/ramsundhar/Downloads/assessment-3-chat-api-20260205T071340Z-1-001/assessment-3-chat-api/data/whispers.js": {"path":"/home/ramsundhar/Downloads/assessment-3-chat-api-20260205T071340Z-1-001/assessment-3-chat-api/data/whispers.js","statementMap":{"0":{"start":{"line":3,"column":15},"end":{"line":3,"column":32}},"1":{"start":{"line":4,"column":20},"end":{"line":4,"column":46}},"2":{"start":{"line":7,"column":24},"end":{"line":29,"column":1}},"3":{"start":{"line":32,"column":21},"end":{"line":32,"column":113}},"4":{"start":{"line":39,"column":2},"end":{"line":39,"column":25}},"5":{"start":{"line":47,"column":2},"end":{"line":54,"column":4}},"6":{"start":{"line":62,"column":2},"end":{"line":70,"column":6}},"7":{"start":{"line":62,"column":37},"end":{"line":70,"column":3}},"8":{"start":{"line":78,"column":2},"end":{"line":86,"column":6}},"9":{"start":{"line":78,"column":37},"end":{"line":86,"column":3}},"10":{"start":{"line":94,"column":2},"end":{"line":99,"column":4}},"11":{"start":{"line":107,"column":2},"end":{"line":107,"column":22}},"12":{"start":{"line":117,"column":18},"end":{"line":128,"column":3}},"13":{"start":{"line":130,"column":2},"end":{"line":130,"column":32}},"14":{"start":{"line":131,"column":2},"end":{"line":131,"column":17}},"15":{"start":{"line":140,"column":2},"end":{"line":140,"column":64}},"16":{"start":{"line":140,"column":37},"end":{"line":140,"column":62}},"17":{"start":{"line":143,"column":0},"end":{"line":152,"column":2}}},"fnMap":{"0":{"name":"getAll","decl":{"start":{"line":38,"column":9},"end":{"line":38,"column":15}},"loc":{"start":{"line":38,"column":18},"end":{"line":40,"column":1}},"line":38},"1":{"name":"getBasicMessages","decl":{"start":{"line":46,"column":9},"end":{"line":46,"column":25}},"loc":{"start":{"line":46,"column":28},"end":{"line":55,"column":1}},"line":46},"2":{"name":"getAuthenticatedMessages","decl":{"start":{"line":61,"column":9},"end":{"line":61,"column":33}},"loc":{"start":{"line":61,"column":36},"end":{"line":71,"column":1}},"line":61},"3":{"name":"(anonymous_3)","decl":{"start":{"line":62,"column":29},"end":{"line":62,"column":30}},"loc":{"start":{"line":62,"column":37},"end":{"line":70,"column":3}},"line":62},"4":{"name":"getAdminMessages","decl":{"start":{"line":77,"column":9},"end":{"line":77,"column":25}},"loc":{"start":{"line":77,"column":28},"end":{"line":87,"column":1}},"line":77},"5":{"name":"(anonymous_5)","decl":{"start":{"line":78,"column":29},"end":{"line":78,"column":30}},"loc":{"start":{"line":78,"column":37},"end":{"line":86,"column":3}},"line":78},"6":{"name":"getDecryptionTools","decl":{"start":{"line":93,"column":9},"end":{"line":93,"column":27}},"loc":{"start":{"line":93,"column":30},"end":{"line":100,"column":1}},"line":93},"7":{"name":"getFinalCipher","decl":{"start":{"line":106,"column":9},"end":{"line":106,"column":23}},"loc":{"start":{"line":106,"column":26},"end":{"line":108,"column":1}},"line":106},"8":{"name":"createWhisper","decl":{"start":{"line":116,"column":9},"end":{"line":116,"column":22}},"loc":{"start":{"line":116,"column":51},"end":{"line":132,"column":1}},"line":116},"9":{"name":"getByRecipient","decl":{"start":{"line":139,"column":9},"end":{"line":139,"column":23}},"loc":{"start":{"line":139,"column":35},"end":{"line":141,"column":1}},"line":139},"10":{"name":"(anonymous_10)","decl":{"start":{"line":140,"column":32},"end":{"line":140,"column":33}},"loc":{"start":{"line":140,"column":37},"end":{"line":140,"column":62}},"line":140}},"branchMap":{"0":{"loc":{"start":{"line":85,"column":22},"end":{"line":85,"column":92}},"type":"cond-expr","locations":[{"start":{"line":85,"column":40},"end":{"line":85,"column":66}},{"start":{"line":85,"column":69},"end":{"line":85,"column":92}}],"line":85},"1":{"loc":{"start":{"line":119,"column":13},"end":{"line":121,"column":25}},"type":"cond-expr","locations":[{"start":{"line":120,"column":6},"end":{"line":120,"column":71}},{"start":{"line":121,"column":6},"end":{"line":121,"column":25}}],"line":119},"2":{"loc":{"start":{"line":125,"column":15},"end":{"line":125,"column":43}},"type":"binary-expr","locations":[{"start":{"line":125,"column":15},"end":{"line":125,"column":34}},{"start":{"line":125,"column":38},"end":{"line":125,"column":43}}],"line":125},"3":{"loc":{"start":{"line":127,"column":22},"end":{"line":127,"column":58}},"type":"cond-expr","locations":[{"start":{"line":127,"column":44},"end":{"line":127,"column":49}},{"start":{"line":127,"column":52},"end":{"line":127,"column":58}}],"line":127}},"s":{"0":3,"1":3,"2":3,"3":3,"4":0,"5":0,"6":1,"7":2,"8":2,"9":4,"10":2,"11":0,"12":0,"13":0,"14":0,"15":0,"16":0,"17":3},"f":{"0":0,"1":0,"2":1,"3":2,"4":2,"5":4,"6":2,"7":0,"8":0,"9":0,"10":0},"b":{"0":[2,2],"1":[0,0],"2":[0,0],"3":[0,0]},"_coverageSchema":"1a1c01bbd47fc00a2c39e90264f33305004495a9","hash":"463dd2d791785937f2f006a4a642472793d0ccb5"}
,"/home/ramsundhar/Downloads/assessment-3-chat-api-20260205T071340Z-1-001/assessment-3-chat-api/middleware/auth.js": {"path":"/home/ramsundhar/Downloads/assessment-3-chat-api-20260205T071340Z-1-001/assessment-3-chat-api/middleware/auth.js","statementMap":{"0":{"start":{"line":4,"column":12},"end":{"line":4,"column":35}},"1":{"start":{"line":5,"column":15},"end":{"line":5,"column":35}},"2":{"start":{"line":6,"column":17},"end":{"line":6,"column":44}},"3":{"start":{"line":7,"column":14},"end":{"line":7,"column":38}},"4":{"start":{"line":14,"column":2},"end":{"line":76,"column":3}},"5":{"start":{"line":15,"column":23},"end":{"line":15,"column":47}},"6":{"start":{"line":17,"column":4},"end":{"line":19,"column":5}},"7":{"start":{"line":18,"column":6},"end":{"line":18,"column":72}},"8":{"start":{"line":21,"column":4},"end":{"line":23,"column":5}},"9":{"start":{"line":22,"column":6},"end":{"line":22,"column":77}},"10":{"start":{"line":25,"column":18},"end":{"line":25,"column":42}},"11":{"start":{"line":27,"column":4},"end":{"line":29,"column":5}},"12":{"start":{"line":28,"column":6},"end":{"line":28,"column":66}},"13":{"start":{"line":33,"column":4},"end":{"line":40,"column":5}},"14":{"start":{"line":34,"column":6},"end":{"line":34,"column":53}},"15":{"start":{"line":36,"column":6},"end":{"line":38,"column":7}},"16":{"start":{"line":37,"column":8},"end":{"line":37,"column":64}},"17":{"start":{"line":39,"column":6},"end":{"line":39,"column":62}},"18":{"start":{"line":43,"column":4},"end":{"line":45,"column":5}},"19":{"start":{"line":44,"column":6},"end":{"line":44,"column":71}},"20":{"start":{"line":48,"column":4},"end":{"line":50,"column":5}},"21":{"start":{"line":49,"column":6},"end":{"line":49,"column":64}},"22":{"start":{"line":53,"column":17},"end":{"line":53,"column":47}},"23":{"start":{"line":54,"column":4},"end":{"line":56,"column":5}},"24":{"start":{"line":55,"column":6},"end":{"line":55,"column":63}},"25":{"start":{"line":59,"column":4},"end":{"line":61,"column":5}},"26":{"start":{"line":60,"column":6},"end":{"line":60,"column":49}},"27":{"start":{"line":64,"column":4},"end":{"line":70,"column":6}},"28":{"start":{"line":72,"column":4},"end":{"line":72,"column":11}},"29":{"start":{"line":74,"column":4},"end":{"line":74,"column":59}},"30":{"start":{"line":75,"column":4},"end":{"line":75,"column":68}},"31":{"start":{"line":84,"column":2},"end":{"line":129,"column":3}},"32":{"start":{"line":85,"column":23},"end":{"line":85,"column":47}},"33":{"start":{"line":87,"column":4},"end":{"line":90,"column":5}},"34":{"start":{"line":88,"column":6},"end":{"line":88,"column":22}},"35":{"start":{"line":89,"column":6},"end":{"line":89,"column":20}},"36":{"start":{"line":92,"column":18},"end":{"line":92,"column":42}},"37":{"start":{"line":94,"column":4},"end":{"line":97,"column":5}},"38":{"start":{"line":95,"column":6},"end":{"line":95,"column":22}},"39":{"start":{"line":96,"column":6},"end":{"line":96,"column":20}},"40":{"start":{"line":99,"column":4},"end":{"line":123,"column":5}},"41":{"start":{"line":100,"column":22},"end":{"line":100,"column":58}},"42":{"start":{"line":103,"column":6},"end":{"line":106,"column":7}},"43":{"start":{"line":104,"column":8},"end":{"line":104,"column":24}},"44":{"start":{"line":105,"column":8},"end":{"line":105,"column":22}},"45":{"start":{"line":109,"column":6},"end":{"line":112,"column":7}},"46":{"start":{"line":110,"column":8},"end":{"line":110,"column":24}},"47":{"start":{"line":111,"column":8},"end":{"line":111,"column":22}},"48":{"start":{"line":114,"column":6},"end":{"line":120,"column":8}},"49":{"start":{"line":122,"column":6},"end":{"line":122,"column":22}},"50":{"start":{"line":125,"column":4},"end":{"line":125,"column":11}},"51":{"start":{"line":127,"column":4},"end":{"line":127,"column":20}},"52":{"start":{"line":128,"column":4},"end":{"line":128,"column":11}},"53":{"start":{"line":138,"column":2},"end":{"line":148,"column":4}},"54":{"start":{"line":139,"column":4},"end":{"line":141,"column":5}},"55":{"start":{"line":140,"column":6},"end":{"line":140,"column":72}},"56":{"start":{"line":143,"column":4},"end":{"line":145,"column":5}},"57":{"start":{"line":144,"column":6},"end":{"line":144,"column":73}},"58":{"start":{"line":147,"column":4},"end":{"line":147,"column":11}},"59":{"start":{"line":158,"column":14},"end":{"line":158,"column":34}},"60":{"start":{"line":159,"column":20},"end":{"line":159,"column":40}},"61":{"start":{"line":162,"column":20},"end":{"line":162,"column":30}},"62":{"start":{"line":163,"column":16},"end":{"line":163,"column":41}},"63":{"start":{"line":164,"column":2},"end":{"line":164,"column":51}},"64":{"start":{"line":166,"column":16},"end":{"line":176,"column":3}},"65":{"start":{"line":178,"column":2},"end":{"line":178,"column":35}},"66":{"start":{"line":187,"column":2},"end":{"line":203,"column":3}},"67":{"start":{"line":188,"column":20},"end":{"line":188,"column":56}},"68":{"start":{"line":191,"column":4},"end":{"line":193,"column":5}},"69":{"start":{"line":192,"column":6},"end":{"line":192,"column":18}},"70":{"start":{"line":196,"column":4},"end":{"line":198,"column":5}},"71":{"start":{"line":197,"column":6},"end":{"line":197,"column":18}},"72":{"start":{"line":200,"column":4},"end":{"line":200,"column":19}},"73":{"start":{"line":202,"column":4},"end":{"line":202,"column":16}},"74":{"start":{"line":206,"column":0},"end":{"line":212,"column":2}}},"fnMap":{"0":{"name":"requireAuth","decl":{"start":{"line":13,"column":9},"end":{"line":13,"column":20}},"loc":{"start":{"line":13,"column":37},"end":{"line":77,"column":1}},"line":13},"1":{"name":"optionalAuth","decl":{"start":{"line":83,"column":9},"end":{"line":83,"column":21}},"loc":{"start":{"line":83,"column":38},"end":{"line":130,"column":1}},"line":83},"2":{"name":"requireRole","decl":{"start":{"line":137,"column":9},"end":{"line":137,"column":20}},"loc":{"start":{"line":137,"column":31},"end":{"line":149,"column":1}},"line":137},"3":{"name":"(anonymous_3)","decl":{"start":{"line":138,"column":9},"end":{"line":138,"column":10}},"loc":{"start":{"line":138,"column":29},"end":{"line":148,"column":3}},"line":138},"4":{"name":"generateToken","decl":{"start":{"line":157,"column":9},"end":{"line":157,"column":22}},"loc":{"start":{"line":157,"column":40},"end":{"line":179,"column":1}},"line":157},"5":{"name":"verifyToken","decl":{"start":{"line":186,"column":9},"end":{"line":186,"column":20}},"loc":{"start":{"line":186,"column":28},"end":{"line":204,"column":1}},"line":186}},"branchMap":{"0":{"loc":{"start":{"line":17,"column":4},"end":{"line":19,"column":5}},"type":"if","locations":[{"start":{"line":17,"column":4},"end":{"line":19,"column":5}},{"start":{},"end":{}}],"line":17},"1":{"loc":{"start":{"line":21,"column":4},"end":{"line":23,"column":5}},"type":"if","locations":[{"start":{"line":21,"column":4},"end":{"line":23,"column":5}},{"start":{},"end":{}}],"line":21},"2":{"loc":{"start":{"line":27,"column":4},"end":{"line":29,"column":5}},"type":"if","locations":[{"start":{"line":27,"column":4},"end":{"line":29,"column":5}},{"start":{},"end":{}}],"line":27},"3":{"loc":{"start":{"line":36,"column":6},"end":{"line":38,"column":7}},"type":"if","locations":[{"start":{"line":36,"column":6},"end":{"line":38,"column":7}},{"start":{},"end":{}}],"line":36},"4":{"loc":{"start":{"line":43,"column":4},"end":{"line":45,"column":5}},"type":"if","locations":[{"start":{"line":43,"column":4},"end":{"line":45,"column":5}},{"start":{},"end":{}}],"line":43},"5":{"loc":{"start":{"line":43,"column":8},"end":{"line":43,"column":63}},"type":"binary-expr","locations":[{"start":{"line":43,"column":8},"end":{"line":43,"column":19}},{"start":{"line":43,"column":23},"end":{"line":43,"column":63}}],"line":43},"6":{"loc":{"start":{"line":48,"column":4},"end":{"line":50,"column":5}},"type":"if","locations":[{"start":{"line":48,"column":4},"end":{"line":50,"column":5}},{"start":{},"end":{}}],"line":48},"7":{"loc":{"start":{"line":48,"column":8},"end":{"line":48,"column":72}},"type":"binary-expr","locations":[{"start":{"line":48,"column":8},"end":{"line":48,"column":25}},{"start":{"line":48,"column":29},"end":{"line":48,"column":72}}],"line":48},"8":{"loc":{"start":{"line":54,"column":4},"end":{"line":56,"column":5}},"type":"if","locations":[{"start":{"line":54,"column":4},"end":{"line":56,"column":5}},{"start":{},"end":{}}],"line":54},"9":{"loc":{"start":{"line":59,"column":4},"end":{"line":61,"column":5}},"type":"if","locations":[{"start":{"line":59,"column":4},"end":{"line":61,"column":5}},{"start":{},"end":{}}],"line":59},"10":{"loc":{"start":{"line":87,"column":4},"end":{"line":90,"column":5}},"type":"if","locations":[{"start":{"line":87,"column":4},"end":{"line":90,"column":5}},{"start":{},"end":{}}],"line":87},"11":{"loc":{"start":{"line":87,"column":8},"end":{"line":87,"column":56}},"type":"binary-expr","locations":[{"start":{"line":87,"column":8},"end":{"line":87,"column":19}},{"start":{"line":87,"column":23},"end":{"line":87,"column":56}}],"line":87},"12":{"loc":{"start":{"line":94,"column":4},"end":{"line":97,"column":5}},"type":"if","locations":[{"start":{"line":94,"column":4},"end":{"line":97,"column":5}},{"start":{},"end":{}}],"line":94},"13":{"loc":{"start":{"line":103,"column":6},"end":{"line":106,"column":7}},"type":"if","locations":[{"start":{"line":103,"column":6},"end":{"line":106,"column":7}},{"start":{},"end":{}}],"line":103},"14":{"loc":{"start":{"line":103,"column":10},"end":{"line":103,"column":65}},"type":"binary-expr","locations":[{"start":{"line":103,"column":10},"end":{"line":103,"column":21}},{"start":{"line":103,"column":25},"end":{"line":103,"column":65}}],"line":103},"15":{"loc":{"start":{"line":109,"column":6},"end":{"line":112,"column":7}},"type":"if","locations":[{"start":{"line":109,"column":6},"end":{"line":112,"column":7}},{"start":{},"end":{}}],"line":109},"16":{"loc":{"start":{"line":109,"column":10},"end":{"line":109,"column":74}},"type":"binary-expr","locations":[{"start":{"line":109,"column":10},"end":{"line":109,"column":27}},{"start":{"line":109,"column":31},"end":{"line":109,"column":74}}],"line":109},"17":{"loc":{"start":{"line":139,"column":4},"end":{"line":141,"column":5}},"type":"if","locations":[{"start":{"line":139,"column":4},"end":{"line":141,"column":5}},{"start":{},"end":{}}],"line":139},"18":{"loc":{"start":{"line":143,"column":4},"end":{"line":145,"column":5}},"type":"if","locations":[{"start":{"line":143,"column":4},"end":{"line":145,"column":5}},{"start":{},"end":{}}],"line":143},"19":{"loc":{"start":{"line":163,"column":16},"end":{"line":163,"column":41}},"type":"binary-expr","locations":[{"start":{"line":163,"column":16},"end":{"line":163,"column":35}},{"start":{"line":163,"column":39},"end":{"line":163,"column":41}}],"line":163},"20":{"loc":{"start":{"line":191,"column":4},"end":{"line":193,"column":5}},"type":"if","locations":[{"start":{"line":191,"column":4},"end":{"line":193,"column":5}},{"start":{},"end":{}}],"line":191},"21":{"loc":{"start":{"line":191,"column":8},"end":{"line":191,"column":63}},"type":"binary-expr","locations":[{"start":{"line":191,"column":8},"end":{"line":191,"column":19}},{"start":{"line":191,"column":23},"end":{"line":191,"column":63}}],"line":191},"22":{"loc":{"start":{"line":196,"column":4},"end":{"line":198,"column":5}},"type":"if","locations":[{"start":{"line":196,"column":4},"end":{"line":198,"column":5}},{"start":{},"end":{}}],"line":196},"23":{"loc":{"start":{"line":196,"column":8},"end":{"line":196,"column":72}},"type":"binary-expr","locations":[{"start":{"line":196,"column":8},"end":{"line":196,"column":25}},{"start":{"line":196,"column":29},"end":{"line":196,"column":72}}],"line":196}},"s":{"0":3,"1":3,"2":3,"3":3,"4":19,"5":19,"6":19,"7":4,"8":15,"9":0,"10":15,"11":15,"12":0,"13":15,"14":15,"15":1,"16":0,"17":1,"18":14,"19":0,"20":14,"21":0,"22":14,"23":14,"24":0,"25":14,"26":14,"27":14,"28":14,"29":0,"30":0,"31":5,"32":5,"33":5,"34":4,"35":4,"36":1,"37":1,"38":0,"39":0,"40":1,"41":1,"42":1,"43":0,"44":0,"45":1,"46":0,"47":0,"48":1,"49":0,"50":1,"51":0,"52":0,"53":0,"54":0,"55":0,"56":0,"57":0,"58":0,"59":9,"60":9,"61":9,"62":9,"63":9,"64":9,"65":9,"66":0,"67":0,"68":0,"69":0,"70":0,"71":0,"72":0,"73":0,"74":3},"f":{"0":19,"1":5,"2":0,"3":0,"4":9,"5":0},"b":{"0":[4,15],"1":[0,15],"2":[0,15],"3":[0,1],"4":[0,14],"5":[14,14],"6":[0,14],"7":[14,14],"8":[0,14],"9":[14,0],"10":[4,1],"11":[5,1],"12":[0,1],"13":[0,1],"14":[1,1],"15":[0,1],"16":[1,1],"17":[0,0],"18":[0,0],"19":[9,0],"20":[0,0],"21":[0,0],"22":[0,0],"23":[0,0]},"_coverageSchema":"1a1c01bbd47fc00a2c39e90264f33305004495a9","hash":"cda2783f18c78cd1f9010bb676e0caefc34dfd38"}
,"/home/ramsundhar/Downloads/assessment-3-chat-api-20260205T071340Z-1-001/assessment-3-chat-api/middleware/rateLimit.js": {"path":"/home/ramsundhar/Downloads/assessment-3-chat-api-20260205T071340Z-1-001/assessment-3-chat-api/middleware/rateLimit.js","statementMap":{"0":{"start":{"line":4,"column":15},"end":{"line":4,"column":35}},"1":{"start":{"line":7,"column":23},"end":{"line":7,"column":32}},"2":{"start":{"line":20,"column":6},"end":{"line":20,"column":13}},"3":{"start":{"line":19,"column":28},"end":{"line":19,"column":79}},"4":{"start":{"line":22,"column":2},"end":{"line":69,"column":4}},"5":{"start":{"line":24,"column":4},"end":{"line":26,"column":5}},"6":{"start":{"line":25,"column":6},"end":{"line":25,"column":20}},"7":{"start":{"line":27,"column":16},"end":{"line":27,"column":50}},"8":{"start":{"line":28,"column":16},"end":{"line":28,"column":26}},"9":{"start":{"line":31,"column":4},"end":{"line":35,"column":5}},"10":{"start":{"line":32,"column":6},"end":{"line":34,"column":7}},"11":{"start":{"line":33,"column":8},"end":{"line":33,"column":41}},"12":{"start":{"line":38,"column":20},"end":{"line":38,"column":43}},"13":{"start":{"line":40,"column":4},"end":{"line":46,"column":5}},"14":{"start":{"line":41,"column":6},"end":{"line":44,"column":8}},"15":{"start":{"line":45,"column":6},"end":{"line":45,"column":41}},"16":{"start":{"line":48,"column":4},"end":{"line":48,"column":22}},"17":{"start":{"line":51,"column":22},"end":{"line":51,"column":56}},"18":{"start":{"line":52,"column":22},"end":{"line":52,"column":62}},"19":{"start":{"line":54,"column":4},"end":{"line":58,"column":7}},"20":{"start":{"line":61,"column":4},"end":{"line":66,"column":5}},"21":{"start":{"line":62,"column":6},"end":{"line":65,"column":9}},"22":{"start":{"line":68,"column":4},"end":{"line":68,"column":11}},"23":{"start":{"line":73,"column":21},"end":{"line":77,"column":2}},"24":{"start":{"line":79,"column":23},"end":{"line":83,"column":2}},"25":{"start":{"line":85,"column":23},"end":{"line":89,"column":2}},"26":{"start":{"line":93,"column":18},"end":{"line":101,"column":4}},"27":{"start":{"line":96,"column":6},"end":{"line":98,"column":7}},"28":{"start":{"line":97,"column":8},"end":{"line":97,"column":41}},"29":{"start":{"line":99,"column":6},"end":{"line":99,"column":65}},"30":{"start":{"line":103,"column":2},"end":{"line":103,"column":17}},"31":{"start":{"line":106,"column":0},"end":{"line":112,"column":2}}},"fnMap":{"0":{"name":"createRateLimiter","decl":{"start":{"line":14,"column":9},"end":{"line":14,"column":26}},"loc":{"start":{"line":14,"column":41},"end":{"line":70,"column":1}},"line":14},"1":{"name":"(anonymous_1)","decl":{"start":{"line":19,"column":19},"end":{"line":19,"column":20}},"loc":{"start":{"line":19,"column":28},"end":{"line":19,"column":79}},"line":19},"2":{"name":"(anonymous_2)","decl":{"start":{"line":22,"column":9},"end":{"line":22,"column":10}},"loc":{"start":{"line":22,"column":29},"end":{"line":69,"column":3}},"line":22},"3":{"name":"userRateLimiter","decl":{"start":{"line":92,"column":9},"end":{"line":92,"column":24}},"loc":{"start":{"line":92,"column":39},"end":{"line":104,"column":1}},"line":92},"4":{"name":"(anonymous_4)","decl":{"start":{"line":95,"column":18},"end":{"line":95,"column":19}},"loc":{"start":{"line":95,"column":27},"end":{"line":100,"column":5}},"line":95}},"branchMap":{"0":{"loc":{"start":{"line":14,"column":27},"end":{"line":14,"column":39}},"type":"default-arg","locations":[{"start":{"line":14,"column":37},"end":{"line":14,"column":39}}],"line":14},"1":{"loc":{"start":{"line":16,"column":4},"end":{"line":16,"column":20}},"type":"default-arg","locations":[{"start":{"line":16,"column":15},"end":{"line":16,"column":20}}],"line":16},"2":{"loc":{"start":{"line":17,"column":4},"end":{"line":17,"column":13}},"type":"default-arg","locations":[{"start":{"line":17,"column":10},"end":{"line":17,"column":13}}],"line":17},"3":{"loc":{"start":{"line":18,"column":4},"end":{"line":18,"column":57}},"type":"default-arg","locations":[{"start":{"line":18,"column":14},"end":{"line":18,"column":57}}],"line":18},"4":{"loc":{"start":{"line":19,"column":4},"end":{"line":19,"column":79}},"type":"default-arg","locations":[{"start":{"line":19,"column":19},"end":{"line":19,"column":79}}],"line":19},"5":{"loc":{"start":{"line":19,"column":28},"end":{"line":19,"column":79}},"type":"binary-expr","locations":[{"start":{"line":19,"column":28},"end":{"line":19,"column":34}},{"start":{"line":19,"column":38},"end":{"line":19,"column":66}},{"start":{"line":19,"column":70},"end":{"line":19,"column":79}}],"line":19},"6":{"loc":{"start":{"line":24,"column":4},"end":{"line":26,"column":5}},"type":"if","locations":[{"start":{"line":24,"column":4},"end":{"line":26,"column":5}},{"start":{},"end":{}}],"line":24},"7":{"loc":{"start":{"line":32,"column":6},"end":{"line":34,"column":7}},"type":"if","locations":[{"start":{"line":32,"column":6},"end":{"line":34,"column":7}},{"start":{},"end":{}}],"line":32},"8":{"loc":{"start":{"line":40,"column":4},"end":{"line":46,"column":5}},"type":"if","locations":[{"start":{"line":40,"column":4},"end":{"line":46,"column":5}},{"start":{},"end":{}}],"line":40},"9":{"loc":{"start":{"line":40,"column":8},"end":{"line":40,"column":58}},"type":"binary-expr","locations":[{"start":{"line":40,"column":8},"end":{"line":40,"column":18}},{"start":{"line":40,"column":22},"end":{"line":40,"column":58}}],"line":40},"10":{"loc":{"start":{"line":61,"column":4},"end":{"line":66,"column":5}},"type":"if","locations":[{"start":{"line":61,"column":4},"end":{"line":66,"column":5}},{"start":{},"end":{}}],"line":61},"11":{"loc":{"start":{"line":92,"column":25},"end":{"line":92,"column":37}},"type":"default-arg","locations":[{"start":{"line":92,"column":35},"end":{"line":92,"column":37}}],"line":92},"12":{"loc":{"start":{"line":96,"column":6},"end":{"line":98,"column":7}},"type":"if","locations":[{"start":{"line":96,"column":6},"end":{"line":98,"column":7}},{"start":{},"end":{}}],"line":96},"13":{"loc":{"start":{"line":96,"column":10},"end":{"line":96,"column":37}},"type":"binary-expr","locations":[{"start":{"line":96,"column":10},"end":{"line":96,"column":18}},{"start":{"line":96,"column":22},"end":{"line":96,"column":37}}],"line":96},"14":{"loc":{"start":{"line":99,"column":13},"end":{"line":99,"column":64}},"type":"binary-expr","locations":[{"start":{"line":99,"column":13},"end":{"line":99,"column":19}},{"start":{"line":99,"column":23},"end":{"line":99,"column":51}},{"start":{"line":99,"column":55},"end":{"line":99,"column":64}}],"line":99}},"s":{"0":3,"1":3,"2":9,"3":0,"4":9,"5":15,"6":15,"7":0,"8":0,"9":0,"10":0,"11":0,"12":0,"13":0,"14":0,"15":0,"16":0,"17":0,"18":0,"19":0,"20":0,"21":0,"22":0,"23":3,"24":3,"25":3,"26":0,"27":0,"28":0,"29":0,"30":0,"31":3},"f":{"0":9,"1":0,"2":15,"3":0,"4":0},"b":{"0":[0],"1":[0],"2":[0],"3":[0],"4":[9],"5":[0,0,0],"6":[15,0],"7":[0,0],"8":[0,0],"9":[0,0],"10":[0,0],"11":[0],"12":[0,0],"13":[0,0],"14":[0,0,0]},"_coverageSchema":"1a1c01bbd47fc00a2c39e90264f33305004495a9","hash":"dc708fb4d37cc6893ae2c99154186ea5fc7923e0"}
,"/home/ramsundhar/Downloads/assessment-3-chat-api-20260205T071340Z-1-001/assessment-3-chat-api/middleware/validation.js": {"path":"/home/ramsundhar/Downloads/assessment-3-chat-api-20260205T071340Z-1-001/assessment-3-chat-api/middleware/validation.js","statementMap":{"0":{"start":{"line":4,"column":18},"end":{"line":4,"column":38}},"1":{"start":{"line":10,"column":40},"end":{"line":10,"column":48}},"2":{"start":{"line":13,"column":2},"end":{"line":15,"column":3}},"3":{"start":{"line":14,"column":4},"end":{"line":14,"column":67}},"4":{"start":{"line":18,"column":2},"end":{"line":20,"column":3}},"5":{"start":{"line":19,"column":4},"end":{"line":19,"column":76}},"6":{"start":{"line":23,"column":2},"end":{"line":25,"column":3}},"7":{"start":{"line":24,"column":4},"end":{"line":24,"column":70}},"8":{"start":{"line":28,"column":2},"end":{"line":30,"column":3}},"9":{"start":{"line":29,"column":4},"end":{"line":29,"column":67}},"10":{"start":{"line":33,"column":2},"end":{"line":35,"column":3}},"11":{"start":{"line":34,"column":4},"end":{"line":34,"column":49}},"12":{"start":{"line":36,"column":2},"end":{"line":38,"column":3}},"13":{"start":{"line":37,"column":4},"end":{"line":37,"column":53}},"14":{"start":{"line":40,"column":2},"end":{"line":40,"column":9}},"15":{"start":{"line":47,"column":40},"end":{"line":47,"column":48}},"16":{"start":{"line":50,"column":2},"end":{"line":52,"column":3}},"17":{"start":{"line":51,"column":4},"end":{"line":51,"column":89}},"18":{"start":{"line":55,"column":2},"end":{"line":57,"column":3}},"19":{"start":{"line":56,"column":4},"end":{"line":56,"column":70}},"20":{"start":{"line":59,"column":26},"end":{"line":59,"column":50}},"21":{"start":{"line":61,"column":2},"end":{"line":63,"column":3}},"22":{"start":{"line":62,"column":4},"end":{"line":62,"column":91}},"23":{"start":{"line":65,"column":2},"end":{"line":67,"column":3}},"24":{"start":{"line":66,"column":4},"end":{"line":66,"column":115}},"25":{"start":{"line":70,"column":2},"end":{"line":72,"column":3}},"26":{"start":{"line":71,"column":4},"end":{"line":71,"column":67}},"27":{"start":{"line":75,"column":2},"end":{"line":77,"column":3}},"28":{"start":{"line":76,"column":4},"end":{"line":76,"column":70}},"29":{"start":{"line":79,"column":2},"end":{"line":81,"column":3}},"30":{"start":{"line":80,"column":4},"end":{"line":80,"column":85}},"31":{"start":{"line":83,"column":2},"end":{"line":85,"column":3}},"32":{"start":{"line":84,"column":4},"end":{"line":84,"column":67}},"33":{"start":{"line":88,"column":2},"end":{"line":88,"column":38}},"34":{"start":{"line":89,"column":2},"end":{"line":89,"column":51}},"35":{"start":{"line":91,"column":2},"end":{"line":91,"column":9}},"36":{"start":{"line":98,"column":22},"end":{"line":98,"column":30}},"37":{"start":{"line":100,"column":2},"end":{"line":102,"column":3}},"38":{"start":{"line":101,"column":4},"end":{"line":101,"column":74}},"39":{"start":{"line":104,"column":2},"end":{"line":106,"column":3}},"40":{"start":{"line":105,"column":4},"end":{"line":105,"column":69}},"41":{"start":{"line":108,"column":25},"end":{"line":108,"column":48}},"42":{"start":{"line":110,"column":2},"end":{"line":112,"column":3}},"43":{"start":{"line":111,"column":4},"end":{"line":111,"column":78}},"44":{"start":{"line":114,"column":2},"end":{"line":116,"column":3}},"45":{"start":{"line":115,"column":4},"end":{"line":115,"column":88}},"46":{"start":{"line":119,"column":2},"end":{"line":119,"column":54}},"47":{"start":{"line":121,"column":2},"end":{"line":121,"column":9}},"48":{"start":{"line":128,"column":21},"end":{"line":128,"column":29}},"49":{"start":{"line":130,"column":2},"end":{"line":132,"column":3}},"50":{"start":{"line":131,"column":4},"end":{"line":131,"column":65}},"51":{"start":{"line":134,"column":24},"end":{"line":134,"column":61}},"52":{"start":{"line":136,"column":2},"end":{"line":138,"column":3}},"53":{"start":{"line":137,"column":4},"end":{"line":137,"column":102}},"54":{"start":{"line":140,"column":2},"end":{"line":140,"column":9}},"55":{"start":{"line":147,"column":33},"end":{"line":147,"column":41}},"56":{"start":{"line":149,"column":2},"end":{"line":151,"column":3}},"57":{"start":{"line":150,"column":4},"end":{"line":150,"column":81}},"58":{"start":{"line":153,"column":2},"end":{"line":155,"column":3}},"59":{"start":{"line":154,"column":4},"end":{"line":154,"column":61}},"60":{"start":{"line":157,"column":25},"end":{"line":157,"column":48}},"61":{"start":{"line":158,"column":27},"end":{"line":158,"column":52}},"62":{"start":{"line":160,"column":2},"end":{"line":162,"column":3}},"63":{"start":{"line":161,"column":4},"end":{"line":161,"column":70}},"64":{"start":{"line":164,"column":2},"end":{"line":166,"column":3}},"65":{"start":{"line":165,"column":4},"end":{"line":165,"column":72}},"66":{"start":{"line":168,"column":2},"end":{"line":168,"column":36}},"67":{"start":{"line":169,"column":2},"end":{"line":169,"column":40}},"68":{"start":{"line":171,"column":2},"end":{"line":171,"column":9}},"69":{"start":{"line":178,"column":21},"end":{"line":178,"column":31}},"70":{"start":{"line":180,"column":2},"end":{"line":182,"column":3}},"71":{"start":{"line":181,"column":4},"end":{"line":181,"column":66}},"72":{"start":{"line":184,"column":2},"end":{"line":186,"column":3}},"73":{"start":{"line":185,"column":4},"end":{"line":185,"column":62}},"74":{"start":{"line":189,"column":2},"end":{"line":189,"column":45}},"75":{"start":{"line":191,"column":2},"end":{"line":191,"column":9}},"76":{"start":{"line":198,"column":24},"end":{"line":198,"column":34}},"77":{"start":{"line":200,"column":2},"end":{"line":202,"column":3}},"78":{"start":{"line":201,"column":4},"end":{"line":201,"column":69}},"79":{"start":{"line":204,"column":2},"end":{"line":206,"column":3}},"80":{"start":{"line":205,"column":4},"end":{"line":205,"column":65}},"81":{"start":{"line":209,"column":2},"end":{"line":209,"column":51}},"82":{"start":{"line":211,"column":2},"end":{"line":211,"column":9}},"83":{"start":{"line":218,"column":2},"end":{"line":221,"column":3}},"84":{"start":{"line":219,"column":18},"end":{"line":219,"column":43}},"85":{"start":{"line":220,"column":4},"end":{"line":220,"column":55}},"86":{"start":{"line":223,"column":2},"end":{"line":226,"column":3}},"87":{"start":{"line":224,"column":19},"end":{"line":224,"column":45}},"88":{"start":{"line":225,"column":4},"end":{"line":225,"column":58}},"89":{"start":{"line":228,"column":2},"end":{"line":228,"column":9}},"90":{"start":{"line":231,"column":0},"end":{"line":240,"column":2}}},"fnMap":{"0":{"name":"validateLogin","decl":{"start":{"line":9,"column":9},"end":{"line":9,"column":22}},"loc":{"start":{"line":9,"column":39},"end":{"line":41,"column":1}},"line":9},"1":{"name":"validateRegister","decl":{"start":{"line":46,"column":9},"end":{"line":46,"column":25}},"loc":{"start":{"line":46,"column":42},"end":{"line":92,"column":1}},"line":46},"2":{"name":"validateMessage","decl":{"start":{"line":97,"column":9},"end":{"line":97,"column":24}},"loc":{"start":{"line":97,"column":41},"end":{"line":122,"column":1}},"line":97},"3":{"name":"validateStatus","decl":{"start":{"line":127,"column":9},"end":{"line":127,"column":23}},"loc":{"start":{"line":127,"column":40},"end":{"line":141,"column":1}},"line":127},"4":{"name":"validateWhisper","decl":{"start":{"line":146,"column":9},"end":{"line":146,"column":24}},"loc":{"start":{"line":146,"column":41},"end":{"line":172,"column":1}},"line":146},"5":{"name":"validateRoomId","decl":{"start":{"line":177,"column":9},"end":{"line":177,"column":23}},"loc":{"start":{"line":177,"column":40},"end":{"line":192,"column":1}},"line":177},"6":{"name":"validateMessageId","decl":{"start":{"line":197,"column":9},"end":{"line":197,"column":26}},"loc":{"start":{"line":197,"column":43},"end":{"line":212,"column":1}},"line":197},"7":{"name":"sanitizePagination","decl":{"start":{"line":217,"column":9},"end":{"line":217,"column":27}},"loc":{"start":{"line":217,"column":44},"end":{"line":229,"column":1}},"line":217}},"branchMap":{"0":{"loc":{"start":{"line":13,"column":2},"end":{"line":15,"column":3}},"type":"if","locations":[{"start":{"line":13,"column":2},"end":{"line":15,"column":3}},{"start":{},"end":{}}],"line":13},"1":{"loc":{"start":{"line":13,"column":6},"end":{"line":13,"column":47}},"type":"binary-expr","locations":[{"start":{"line":13,"column":6},"end":{"line":13,"column":15}},{"start":{"line":13,"column":19},"end":{"line":13,"column":47}}],"line":13},"2":{"loc":{"start":{"line":18,"column":2},"end":{"line":20,"column":3}},"type":"if","locations":[{"start":{"line":18,"column":2},"end":{"line":20,"column":3}},{"start":{},"end":{}}],"line":18},"3":{"loc":{"start":{"line":18,"column":6},"end":{"line":18,"column":25}},"type":"binary-expr","locations":[{"start":{"line":18,"column":6},"end":{"line":18,"column":15}},{"start":{"line":18,"column":19},"end":{"line":18,"column":25}}],"line":18},"4":{"loc":{"start":{"line":23,"column":2},"end":{"line":25,"column":3}},"type":"if","locations":[{"start":{"line":23,"column":2},"end":{"line":25,"column":3}},{"start":{},"end":{}}],"line":23},"5":{"loc":{"start":{"line":23,"column":6},"end":{"line":23,"column":46}},"type":"binary-expr","locations":[{"start":{"line":23,"column":6},"end":{"line":23,"column":14}},{"start":{"line":23,"column":18},"end":{"line":23,"column":46}}],"line":23},"6":{"loc":{"start":{"line":28,"column":2},"end":{"line":30,"column":3}},"type":"if","locations":[{"start":{"line":28,"column":2},"end":{"line":30,"column":3}},{"start":{},"end":{}}],"line":28},"7":{"loc":{"start":{"line":28,"column":6},"end":{"line":28,"column":40}},"type":"binary-expr","locations":[{"start":{"line":28,"column":6},"end":{"line":28,"column":11}},{"start":{"line":28,"column":15},"end":{"line":28,"column":40}}],"line":28},"8":{"loc":{"start":{"line":33,"column":2},"end":{"line":35,"column":3}},"type":"if","locations":[{"start":{"line":33,"column":2},"end":{"line":35,"column":3}},{"start":{},"end":{}}],"line":33},"9":{"loc":{"start":{"line":36,"column":2},"end":{"line":38,"column":3}},"type":"if","locations":[{"start":{"line":36,"column":2},"end":{"line":38,"column":3}},{"start":{},"end":{}}],"line":36},"10":{"loc":{"start":{"line":50,"column":2},"end":{"line":52,"column":3}},"type":"if","locations":[{"start":{"line":50,"column":2},"end":{"line":52,"column":3}},{"start":{},"end":{}}],"line":50},"11":{"loc":{"start":{"line":50,"column":6},"end":{"line":50,"column":38}},"type":"binary-expr","locations":[{"start":{"line":50,"column":6},"end":{"line":50,"column":15}},{"start":{"line":50,"column":19},"end":{"line":50,"column":25}},{"start":{"line":50,"column":29},"end":{"line":50,"column":38}}],"line":50},"12":{"loc":{"start":{"line":55,"column":2},"end":{"line":57,"column":3}},"type":"if","locations":[{"start":{"line":55,"column":2},"end":{"line":57,"column":3}},{"start":{},"end":{}}],"line":55},"13":{"loc":{"start":{"line":61,"column":2},"end":{"line":63,"column":3}},"type":"if","locations":[{"start":{"line":61,"column":2},"end":{"line":63,"column":3}},{"start":{},"end":{}}],"line":61},"14":{"loc":{"start":{"line":61,"column":6},"end":{"line":61,"column":63}},"type":"binary-expr","locations":[{"start":{"line":61,"column":6},"end":{"line":61,"column":32}},{"start":{"line":61,"column":36},"end":{"line":61,"column":63}}],"line":61},"15":{"loc":{"start":{"line":65,"column":2},"end":{"line":67,"column":3}},"type":"if","locations":[{"start":{"line":65,"column":2},"end":{"line":67,"column":3}},{"start":{},"end":{}}],"line":65},"16":{"loc":{"start":{"line":70,"column":2},"end":{"line":72,"column":3}},"type":"if","locations":[{"start":{"line":70,"column":2},"end":{"line":72,"column":3}},{"start":{},"end":{}}],"line":70},"17":{"loc":{"start":{"line":75,"column":2},"end":{"line":77,"column":3}},"type":"if","locations":[{"start":{"line":75,"column":2},"end":{"line":77,"column":3}},{"start":{},"end":{}}],"line":75},"18":{"loc":{"start":{"line":79,"column":2},"end":{"line":81,"column":3}},"type":"if","locations":[{"start":{"line":79,"column":2},"end":{"line":81,"column":3}},{"start":{},"end":{}}],"line":79},"19":{"loc":{"start":{"line":83,"column":2},"end":{"line":85,"column":3}},"type":"if","locations":[{"start":{"line":83,"column":2},"end":{"line":85,"column":3}},{"start":{},"end":{}}],"line":83},"20":{"loc":{"start":{"line":100,"column":2},"end":{"line":102,"column":3}},"type":"if","locations":[{"start":{"line":100,"column":2},"end":{"line":102,"column":3}},{"start":{},"end":{}}],"line":100},"21":{"loc":{"start":{"line":104,"column":2},"end":{"line":106,"column":3}},"type":"if","locations":[{"start":{"line":104,"column":2},"end":{"line":106,"column":3}},{"start":{},"end":{}}],"line":104},"22":{"loc":{"start":{"line":110,"column":2},"end":{"line":112,"column":3}},"type":"if","locations":[{"start":{"line":110,"column":2},"end":{"line":112,"column":3}},{"start":{},"end":{}}],"line":110},"23":{"loc":{"start":{"line":114,"column":2},"end":{"line":116,"column":3}},"type":"if","locations":[{"start":{"line":114,"column":2},"end":{"line":116,"column":3}},{"start":{},"end":{}}],"line":114},"24":{"loc":{"start":{"line":130,"column":2},"end":{"line":132,"column":3}},"type":"if","locations":[{"start":{"line":130,"column":2},"end":{"line":132,"column":3}},{"start":{},"end":{}}],"line":130},"25":{"loc":{"start":{"line":136,"column":2},"end":{"line":138,"column":3}},"type":"if","locations":[{"start":{"line":136,"column":2},"end":{"line":138,"column":3}},{"start":{},"end":{}}],"line":136},"26":{"loc":{"start":{"line":149,"column":2},"end":{"line":151,"column":3}},"type":"if","locations":[{"start":{"line":149,"column":2},"end":{"line":151,"column":3}},{"start":{},"end":{}}],"line":149},"27":{"loc":{"start":{"line":149,"column":6},"end":{"line":149,"column":28}},"type":"binary-expr","locations":[{"start":{"line":149,"column":6},"end":{"line":149,"column":14}},{"start":{"line":149,"column":18},"end":{"line":149,"column":28}}],"line":149},"28":{"loc":{"start":{"line":153,"column":2},"end":{"line":155,"column":3}},"type":"if","locations":[{"start":{"line":153,"column":2},"end":{"line":155,"column":3}},{"start":{},"end":{}}],"line":153},"29":{"loc":{"start":{"line":153,"column":6},"end":{"line":153,"column":66}},"type":"binary-expr","locations":[{"start":{"line":153,"column":6},"end":{"line":153,"column":33}},{"start":{"line":153,"column":37},"end":{"line":153,"column":66}}],"line":153},"30":{"loc":{"start":{"line":160,"column":2},"end":{"line":162,"column":3}},"type":"if","locations":[{"start":{"line":160,"column":2},"end":{"line":162,"column":3}},{"start":{},"end":{}}],"line":160},"31":{"loc":{"start":{"line":164,"column":2},"end":{"line":166,"column":3}},"type":"if","locations":[{"start":{"line":164,"column":2},"end":{"line":166,"column":3}},{"start":{},"end":{}}],"line":164},"32":{"loc":{"start":{"line":180,"column":2},"end":{"line":182,"column":3}},"type":"if","locations":[{"start":{"line":180,"column":2},"end":{"line":182,"column":3}},{"start":{},"end":{}}],"line":180},"33":{"loc":{"start":{"line":184,"column":2},"end":{"line":186,"column":3}},"type":"if","locations":[{"start":{"line":184,"column":2},"end":{"line":186,"column":3}},{"start":{},"end":{}}],"line":184},"34":{"loc":{"start":{"line":184,"column":6},"end":{"line":184,"column":54}},"type":"binary-expr","locations":[{"start":{"line":184,"column":6},"end":{"line":184,"column":32}},{"start":{"line":184,"column":36},"end":{"line":184,"column":54}}],"line":184},"35":{"loc":{"start":{"line":200,"column":2},"end":{"line":202,"column":3}},"type":"if","locations":[{"start":{"line":200,"column":2},"end":{"line":202,"column":3}},{"start":{},"end":{}}],"line":200},"36":{"loc":{"start":{"line":204,"column":2},"end":{"line":206,"column":3}},"type":"if","locations":[{"start":{"line":204,"column":2},"end":{"line":206,"column":3}},{"start":{},"end":{}}],"line":204},"37":{"loc":{"start":{"line":204,"column":6},"end":{"line":204,"column":60}},"type":"binary-expr","locations":[{"start":{"line":204,"column":6},"end":{"line":204,"column":35}},{"start":{"line":204,"column":39},"end":{"line":204,"column":60}}],"line":204},"38":{"loc":{"start":{"line":218,"column":2},"end":{"line":221,"column":3}},"type":"if","locations":[{"start":{"line":218,"column":2},"end":{"line":221,"column":3}},{"start":{},"end":{}}],"line":218},"39":{"loc":{"start":{"line":220,"column":22},"end":{"line":220,"column":54}},"type":"cond-expr","locations":[{"start":{"line":220,"column":37},"end":{"line":220,"column":46}},{"start":{"line":220,"column":49},"end":{"line":220,"column":54}}],"line":220},"40":{"loc":{"start":{"line":223,"column":2},"end":{"line":226,"column":3}},"type":"if","locations":[{"start":{"line":223,"column":2},"end":{"line":226,"column":3}},{"start":{},"end":{}}],"line":223},"41":{"loc":{"start":{"line":225,"column":23},"end":{"line":225,"column":57}},"type":"cond-expr","locations":[{"start":{"line":225,"column":39},"end":{"line":225,"column":48}},{"start":{"line":225,"column":51},"end":{"line":225,"column":57}}],"line":225}},"s":{"0":3,"1":12,"2":12,"3":1,"4":11,"5":0,"6":11,"7":0,"8":11,"9":0,"10":11,"11":10,"12":11,"13":1,"14":11,"15":4,"16":4,"17":1,"18":3,"19":0,"20":3,"21":3,"22":0,"23":3,"24":0,"25":3,"26":1,"27":2,"28":0,"29":2,"30":0,"31":2,"32":0,"33":2,"34":2,"35":2,"36":6,"37":6,"38":1,"39":5,"40":0,"41":5,"42":5,"43":0,"44":5,"45":0,"46":5,"47":5,"48":2,"49":2,"50":0,"51":2,"52":2,"53":1,"54":1,"55":0,"56":0,"57":0,"58":0,"59":0,"60":0,"61":0,"62":0,"63":0,"64":0,"65":0,"66":0,"67":0,"68":0,"69":9,"70":9,"71":0,"72":9,"73":0,"74":9,"75":9,"76":3,"77":3,"78":0,"79":3,"80":0,"81":3,"82":3,"83":2,"84":0,"85":0,"86":2,"87":0,"88":0,"89":2,"90":3},"f":{"0":12,"1":4,"2":6,"3":2,"4":0,"5":9,"6":3,"7":2},"b":{"0":[1,11],"1":[12,11],"2":[0,11],"3":[11,1],"4":[0,11],"5":[11,10],"6":[0,11],"7":[11,1],"8":[10,1],"9":[1,10],"10":[1,3],"11":[4,4,3],"12":[0,3],"13":[0,3],"14":[3,3],"15":[0,3],"16":[1,2],"17":[0,2],"18":[0,2],"19":[0,2],"20":[1,5],"21":[0,5],"22":[0,5],"23":[0,5],"24":[0,2],"25":[1,1],"26":[0,0],"27":[0,0],"28":[0,0],"29":[0,0],"30":[0,0],"31":[0,0],"32":[0,9],"33":[0,9],"34":[9,9],"35":[0,3],"36":[0,3],"37":[3,3],"38":[0,2],"39":[0,0],"40":[0,2],"41":[0,0]},"_coverageSchema":"1a1c01bbd47fc00a2c39e90264f33305004495a9","hash":"94e07af0ef5cce7b9ab81ef26d88d12fb652599e"}
[...]
column":6},"end":{"line":138,"column":77}},"58":{"start":{"line":142,"column":4},"end":{"line":151,"column":5}},"59":{"start":{"line":144,"column":8},"end":{"line":144,"column":49}},"60":{"start":{"line":145,"column":8},"end":{"line":145,"column":14}},"61":{"start":{"line":147,"column":8},"end":{"line":147,"column":30}},"62":{"start":{"line":148,"column":8},"end":{"line":148,"column":14}},"63":{"start":{"line":150,"column":8},"end":{"line":150,"column":94}},"64":{"start":{"line":153,"column":4},"end":{"line":157,"column":7}},"65":{"start":{"line":159,"column":4},"end":{"line":159,"column":50}},"66":{"start":{"line":160,"column":4},"end":{"line":160,"column":61}},"67":{"start":{"line":164,"column":0},"end":{"line":164,"column":24}}},"fnMap":{"0":{"name":"(anonymous_0)","decl":{"start":{"line":15,"column":30},"end":{"line":15,"column":31}},"loc":{"start":{"line":15,"column":50},"end":{"line":82,"column":1}},"line":15},"1":{"name":"(anonymous_1)","decl":{"start":{"line":85,"column":48},"end":{"line":85,"column":49}},"loc":{"start":{"line":85,"column":68},"end":{"line":130,"column":1}},"line":85},"2":{"name":"(anonymous_2)","decl":{"start":{"line":133,"column":23},"end":{"line":133,"column":24}},"loc":{"start":{"line":133,"column":43},"end":{"line":162,"column":1}},"line":133}},"branchMap":{"0":{"loc":{"start":{"line":25,"column":4},"end":{"line":28,"column":5}},"type":"if","locations":[{"start":{"line":25,"column":4},"end":{"line":28,"column":5}},{"start":{},"end":{}}],"line":25},"1":{"loc":{"start":{"line":31,"column":4},"end":{"line":34,"column":5}},"type":"if","locations":[{"start":{"line":31,"column":4},"end":{"line":34,"column":5}},{"start":{},"end":{}}],"line":31},"2":{"loc":{"start":{"line":37,"column":4},"end":{"line":40,"column":5}},"type":"if","locations":[{"start":{"line":37,"column":4},"end":{"line":40,"column":5}},{"start":{},"end":{}}],"line":37},"3":{"loc":{"start":{"line":42,"column":4},"end":{"line":52,"column":5}},"type":"if","locations":[{"start":{"line":42,"column":4},"end":{"line":52,"column":5}},{"start":{},"end":{}}],"line":42},"4":{"loc":{"start":{"line":60,"column":4},"end":{"line":68,"column":5}},"type":"if","locations":[{"start":{"line":60,"column":4},"end":{"line":68,"column":5}},{"start":{"line":62,"column":11},"end":{"line":68,"column":5}}],"line":60},"5":{"loc":{"start":{"line":62,"column":11},"end":{"line":68,"column":5}},"type":"if","locations":[{"start":{"line":62,"column":11},"end":{"line":68,"column":5}},{"start":{"line":66,"column":11},"end":{"line":68,"column":5}}],"line":62},"6":{"loc":{"start":{"line":62,"column":15},"end":{"line":62,"column":66}},"type":"binary-expr","locations":[{"start":{"line":62,"column":15},"end":{"line":62,"column":38}},{"start":{"line":62,"column":42},"end":{"line":62,"column":66}}],"line":62},"7":{"loc":{"start":{"line":73,"column":32},"end":{"line":73,"column":104}},"type":"cond-expr","locations":[{"start":{"line":73,"column":88},"end":{"line":73,"column":94}},{"start":{"line":73,"column":97},"end":{"line":73,"column":104}}],"line":73},"8":{"loc":{"start":{"line":73,"column":33},"end":{"line":73,"column":84}},"type":"binary-expr","locations":[{"start":{"line":73,"column":33},"end":{"line":73,"column":56}},{"start":{"line":73,"column":60},"end":{"line":73,"column":84}}],"line":73},"9":{"loc":{"start":{"line":92,"column":4},"end":{"line":94,"column":5}},"type":"if","locations":[{"start":{"line":92,"column":4},"end":{"line":94,"column":5}},{"start":{},"end":{}}],"line":92},"10":{"loc":{"start":{"line":96,"column":4},"end":{"line":98,"column":5}},"type":"if","locations":[{"start":{"line":96,"column":4},"end":{"line":98,"column":5}},{"start":{},"end":{}}],"line":96},"11":{"loc":{"start":{"line":100,"column":4},"end":{"line":102,"column":5}},"type":"if","locations":[{"start":{"line":100,"column":4},"end":{"line":102,"column":5}},{"start":{},"end":{}}],"line":100},"12":{"loc":{"start":{"line":104,"column":4},"end":{"line":106,"column":5}},"type":"if","locations":[{"start":{"line":104,"column":4},"end":{"line":106,"column":5}},{"start":{},"end":{}}],"line":104},"13":{"loc":{"start":{"line":108,"column":32},"end":{"line":108,"column":47}},"type":"default-arg","locations":[{"start":{"line":108,"column":42},"end":{"line":108,"column":47}}],"line":108},"14":{"loc":{"start":{"line":114,"column":14},"end":{"line":114,"column":56}},"type":"cond-expr","locations":[{"start":{"line":114,"column":25},"end":{"line":114,"column":42}},{"start":{"line":114,"column":45},"end":{"line":114,"column":56}}],"line":114},"15":{"loc":{"start":{"line":137,"column":4},"end":{"line":139,"column":5}},"type":"if","locations":[{"start":{"line":137,"column":4},"end":{"line":139,"column":5}},{"start":{},"end":{}}],"line":137},"16":{"loc":{"start":{"line":137,"column":8},"end":{"line":137,"column":24}},"type":"binary-expr","locations":[{"start":{"line":137,"column":8},"end":{"line":137,"column":13}},{"start":{"line":137,"column":17},"end":{"line":137,"column":24}}],"line":137},"17":{"loc":{"start":{"line":142,"column":4},"end":{"line":151,"column":5}},"type":"switch","locations":[{"start":{"line":143,"column":6},"end":{"line":145,"column":14}},{"start":{"line":146,"column":6},"end":{"line":148,"column":14}},{"start":{"line":149,"column":6},"end":{"line":150,"column":94}}],"line":142},"18":{"loc":{"start":{"line":144,"column":37},"end":{"line":144,"column":47}},"type":"binary-expr","locations":[{"start":{"line":144,"column":37},"end":{"line":144,"column":42}},{"start":{"line":144,"column":46},"end":{"line":144,"column":47}}],"line":144}},"s":{"0":3,"1":3,"2":3,"3":3,"4":3,"5":3,"6":3,"7":3,"8":5,"9":5,"10":5,"11":5,"12":5,"13":5,"14":1,"15":1,"16":5,"17":1,"18":1,"19":5,"20":1,"21":1,"22":5,"23":2,"24":3,"25":3,"26":1,"27":2,"28":2,"29":2,"30":0,"31":3,"32":3,"33":0,"34":0,"35":3,"36":0,"37":0,"38":0,"39":0,"40":0,"41":0,"42":0,"43":0,"44":0,"45":0,"46":0,"47":0,"48":0,"49":0,"50":0,"51":0,"52":0,"53":3,"54":0,"55":0,"56":0,"57":0,"58":0,"59":0,"60":0,"61":0,"62":0,"63":0,"64":0,"65":0,"66":0,"67":3},"f":{"0":5,"1":0,"2":0},"b":{"0":[1,4],"1":[1,4],"2":[1,4],"3":[2,3],"4":[1,2],"5":[2,0],"6":[2,1],"7":[2,1],"8":[3,2],"9":[0,0],"10":[0,0],"11":[0,0],"12":[0,0],"13":[0],"14":[0,0],"15":[0,0],"16":[0,0],"17":[0,0,0],"18":[0,0]},"_coverageSchema":"1a1c01bbd47fc00a2c39e90264f33305004495a9","hash":"5ef6fe378c9a66ac33cee431f1614e7def81a4ab"}
,"/home/ramsundhar/Downloads/assessment-3-chat-api-20260205T071340Z-1-001/assessment-3-chat-api/utils/crypto.js": {"path":"/home/ramsundhar/Downloads/assessment-3-chat-api-20260205T071340Z-1-001/assessment-3-chat-api/utils/crypto.js","statementMap":{"0":{"start":{"line":4,"column":15},"end":{"line":4,"column":32}},"1":{"start":{"line":13,"column":15},"end":{"line":13,"column":17}},"2":{"start":{"line":14,"column":2},"end":{"line":16,"column":3}},"3":{"start":{"line":14,"column":15},"end":{"line":14,"column":16}},"4":{"start":{"line":15,"column":4},"end":{"line":15,"column":87}},"5":{"start":{"line":17,"column":2},"end":{"line":17,"column":16}},"6":{"start":{"line":27,"column":2},"end":{"line":30,"column":5}},"7":{"start":{"line":28,"column":18},"end":{"line":28,"column":39}},"8":{"start":{"line":29,"column":4},"end":{"line":29,"column":82}},"9":{"start":{"line":40,"column":2},"end":{"line":43,"column":5}},"10":{"start":{"line":41,"column":18},"end":{"line":41,"column":39}},"11":{"start":{"line":42,"column":4},"end":{"line":42,"column":87}},"12":{"start":{"line":52,"column":2},"end":{"line":52,"column":32}},"13":{"start":{"line":61,"column":2},"end":{"line":61,"column":64}},"14":{"start":{"line":70,"column":2},"end":{"line":70,"column":52}},"15":{"start":{"line":73,"column":0},"end":{"line":80,"column":2}}},"fnMap":{"0":{"name":"xorEncryptDecrypt","decl":{"start":{"line":12,"column":9},"end":{"line":12,"column":26}},"loc":{"start":{"line":12,"column":38},"end":{"line":18,"column":1}},"line":12},"1":{"name":"caesarEncode","decl":{"start":{"line":26,"column":9},"end":{"line":26,"column":21}},"loc":{"start":{"line":26,"column":35},"end":{"line":31,"column":1}},"line":26},"2":{"name":"(anonymous_2)","decl":{"start":{"line":27,"column":35},"end":{"line":27,"column":36}},"loc":{"start":{"line":27,"column":45},"end":{"line":30,"column":3}},"line":27},"3":{"name":"caesarDecode","decl":{"start":{"line":39,"column":9},"end":{"line":39,"column":21}},"loc":{"start":{"line":39,"column":35},"end":{"line":44,"column":1}},"line":39},"4":{"name":"(anonymous_4)","decl":{"start":{"line":40,"column":35},"end":{"line":40,"column":36}},"loc":{"start":{"line":40,"column":45},"end":{"line":43,"column":3}},"line":40},"5":{"name":"rot13","decl":{"start":{"line":51,"column":9},"end":{"line":51,"column":14}},"loc":{"start":{"line":51,"column":21},"end":{"line":53,"column":1}},"line":51},"6":{"name":"sha256Hash","decl":{"start":{"line":60,"column":9},"end":{"line":60,"column":19}},"loc":{"start":{"line":60,"column":26},"end":{"line":62,"column":1}},"line":60},"7":{"name":"generateRandomToken","decl":{"start":{"line":69,"column":9},"end":{"line":69,"column":28}},"loc":{"start":{"line":69,"column":42},"end":{"line":71,"column":1}},"line":69}},"branchMap":{"0":{"loc":{"start":{"line":28,"column":18},"end":{"line":28,"column":39}},"type":"cond-expr","locations":[{"start":{"line":28,"column":32},"end":{"line":28,"column":34}},{"start":{"line":28,"column":37},"end":{"line":28,"column":39}}],"line":28},"1":{"loc":{"start":{"line":41,"column":18},"end":{"line":41,"column":39}},"type":"cond-expr","locations":[{"start":{"line":41,"column":32},"end":{"line":41,"column":34}},{"start":{"line":41,"column":37},"end":{"line":41,"column":39}}],"line":41},"2":{"loc":{"start":{"line":69,"column":29},"end":{"line":69,"column":40}},"type":"default-arg","locations":[{"start":{"line":69,"column":38},"end":{"line":69,"column":40}}],"line":69}},"s":{"0":3,"1":0,"2":0,"3":0,"4":0,"5":0,"6":3,"7":87,"8":87,"9":0,"10":0,"11":0,"12":0,"13":0,"14":0,"15":3},"f":{"0":0,"1":3,"2":87,"3":0,"4":0,"5":0,"6":0,"7":0},"b":{"0":[3,84],"1":[0,0],"2":[0]},"_coverageSchema":"1a1c01bbd47fc00a2c39e90264f33305004495a9","hash":"a0c73f1fa5c9123731843a6bf715b1abbf5eb5b3"}
,"/home/ramsundhar/Downloads/assessment-3-chat-api-20260205T071340Z-1-001/assessment-3-chat-api/utils/helpers.js": {"path":"/home/ramsundhar/Downloads/assessment-3-chat-api-20260205T071340Z-1-001/assessment-3-chat-api/utils/helpers.js","statementMap":{"0":{"start":{"line":10,"column":2},"end":{"line":10,"column":25}},"1":{"start":{"line":10,"column":13},"end":{"line":10,"column":25}},"2":{"start":{"line":12,"column":2},"end":{"line":17,"column":4}},"3":{"start":{"line":27,"column":2},"end":{"line":27,"column":25}},"4":{"start":{"line":27,"column":13},"end":{"line":27,"column":25}},"5":{"start":{"line":29,"column":2},"end":{"line":36,"column":4}},"6":{"start":{"line":45,"column":2},"end":{"line":45,"column":25}},"7":{"start":{"line":45,"column":13},"end":{"line":45,"column":25}},"8":{"start":{"line":47,"column":2},"end":{"line":51,"column":4}},"9":{"start":{"line":62,"column":2},"end":{"line":62,"column":35}},"10":{"start":{"line":72,"column":2},"end":{"line":72,"column":28}},"11":{"start":{"line":72,"column":16},"end":{"line":72,"column":28}},"12":{"start":{"line":74,"column":20},"end":{"line":80,"column":3}},"13":{"start":{"line":82,"column":2},"end":{"line":84,"column":3}},"14":{"start":{"line":83,"column":4},"end":{"line":83,"column":50}},"15":{"start":{"line":87,"column":2},"end":{"line":89,"column":3}},"16":{"start":{"line":88,"column":4},"end":{"line":88,"column":48}},"17":{"start":{"line":91,"column":2},"end":{"line":91,"column":19}},"18":{"start":{"line":101,"column":2},"end":{"line":101,"column":25}},"19":{"start":{"line":101,"column":13},"end":{"line":101,"column":25}},"20":{"start":{"line":103,"column":20},"end":{"line":109,"column":3}},"21":{"start":{"line":112,"column":2},"end":{"line":114,"column":3}},"22":{"start":{"line":113,"column":4},"end":{"line":113,"column":37}},"23":{"start":{"line":116,"column":2},"end":{"line":116,"column":19}},"24":{"start":{"line":126,"column":2},"end":{"line":128,"column":4}},"25":{"start":{"line":138,"column":14},"end":{"line":138,"column":58}},"26":{"start":{"line":139,"column":15},"end":{"line":139,"column":42}},"27":{"start":{"line":142,"column":2},"end":{"line":144,"column":3}},"28":{"start":{"line":143,"column":4},"end":{"line":143,"column":28}},"29":{"start":{"line":145,"column":2},"end":{"line":147,"column":3}},"30":{"start":{"line":146,"column":4},"end":{"line":146,"column":14}},"31":{"start":{"line":148,"column":2},"end":{"line":150,"column":3}},"32":{"start":{"line":149,"column":4},"end":{"line":149,"column":15}},"33":{"start":{"line":152,"column":2},"end":{"line":152,"column":27}},"34":{"start":{"line":162,"column":2},"end":{"line":162,"column":40}},"35":{"start":{"line":162,"column":27},"end":{"line":162,"column":40}},"36":{"start":{"line":163,"column":2},"end":{"line":163,"column":42}},"37":{"start":{"line":166,"column":0},"end":{"line":176,"column":2}}},"fnMap":{"0":{"name":"sanitizeUserForAuth","decl":{"start":{"line":9,"column":9},"end":{"line":9,"column":28}},"loc":{"start":{"line":9,"column":35},"end":{"line":18,"column":1}},"line":9},"1":{"name":"sanitizeUserForProfile","decl":{"start":{"line":26,"column":9},"end":{"line":26,"column":31}},"loc":{"start":{"line":26,"column":38},"end":{"line":37,"column":1}},"line":26},"2":{"name":"sanitizeUserForAdminList","decl":{"start":{"line":44,"column":9},"end":{"line":44,"column":33}},"loc":{"start":{"line":44,"column":40},"end":{"line":52,"column":1}},"line":44},"3":{"name":"sanitizeUser","decl":{"start":{"line":60,"column":9},"end":{"line":60,"column":21}},"loc":{"start":{"line":60,"column":50},"end":{"line":63,"column":1}},"line":60},"4":{"name":"sanitizeMessage","decl":{"start":{"line":71,"column":9},"end":{"line":71,"column":24}},"loc":{"start":{"line":71,"column":51},"end":{"line":92,"column":1}},"line":71},"5":{"name":"sanitizeRoom","decl":{"start":{"line":100,"column":9},"end":{"line":100,"column":21}},"loc":{"start":{"line":100,"column":46},"end":{"line":117,"column":1}},"line":100},"6":{"name":"createErrorResponse","decl":{"start":{"line":125,"column":9},"end":{"line":125,"column":28}},"loc":{"start":{"line":125,"column":56},"end":{"line":129,"column":1}},"line":125},"7":{"name":"parsePagination","decl":{"start":{"line":137,"column":9},"end":{"line":137,"column":24}},"loc":{"start":{"line":137,"column":78},"end":{"line":153,"column":1}},"line":137},"8":{"name":"hasRole","decl":{"start":{"line":161,"column":9},"end":{"line":161,"column":16}},"loc":{"start":{"line":161,"column":37},"end":{"line":164,"column":1}},"line":161}},"branchMap":{"0":{"loc":{"start":{"line":10,"column":2},"end":{"line":10,"column":25}},"type":"if","locations":[{"start":{"line":10,"column":2},"end":{"line":10,"column":25}},{"start":{},"end":{}}],"line":10},"1":{"loc":{"start":{"line":27,"column":2},"end":{"line":27,"column":25}},"type":"if","locations":[{"start":{"line":27,"column":2},"end":{"line":27,"column":25}},{"start":{},"end":{}}],"line":27},"2":{"loc":{"start":{"line":45,"column":2},"end":{"line":45,"column":25}},"type":"if","locations":[{"start":{"line":45,"column":2},"end":{"line":45,"column":25}},{"start":{},"end":{}}],"line":45},"3":{"loc":{"start":{"line":60,"column":28},"end":{"line":60,"column":48}},"type":"default-arg","locations":[{"start":{"line":60,"column":43},"end":{"line":60,"column":48}}],"line":60},"4":{"loc":{"start":{"line":71,"column":34},"end":{"line":71,"column":49}},"type":"default-arg","locations":[{"start":{"line":71,"column":44},"end":{"line":71,"column":49}}],"line":71},"5":{"loc":{"start":{"line":72,"column":2},"end":{"line":72,"column":28}},"type":"if","locations":[{"start":{"line":72,"column":2},"end":{"line":72,"column":28}},{"start":{},"end":{}}],"line":72},"6":{"loc":{"start":{"line":82,"column":2},"end":{"line":84,"column":3}},"type":"if","locations":[{"start":{"line":82,"column":2},"end":{"line":84,"column":3}},{"start":{},"end":{}}],"line":82},"7":{"loc":{"start":{"line":87,"column":2},"end":{"line":89,"column":3}},"type":"if","locations":[{"start":{"line":87,"column":2},"end":{"line":89,"column":3}},{"start":{},"end":{}}],"line":87},"8":{"loc":{"start":{"line":87,"column":6},"end":{"line":87,"column":70}},"type":"binary-expr","locations":[{"start":{"line":87,"column":6},"end":{"line":87,"column":13}},{"start":{"line":87,"column":17},"end":{"line":87,"column":36}},{"start":{"line":87,"column":40},"end":{"line":87,"column":70}}],"line":87},"9":{"loc":{"start":{"line":100,"column":28},"end":{"line":100,"column":44}},"type":"default-arg","locations":[{"start":{"line":100,"column":39},"end":{"line":100,"column":44}}],"line":100},"10":{"loc":{"start":{"line":101,"column":2},"end":{"line":101,"column":25}},"type":"if","locations":[{"start":{"line":101,"column":2},"end":{"line":101,"column":25}},{"start":{},"end":{}}],"line":101},"11":{"loc":{"start":{"line":107,"column":17},"end":{"line":107,"column":55}},"type":"cond-expr","locations":[{"start":{"line":107,"column":32},"end":{"line":107,"column":51}},{"start":{"line":107,"column":54},"end":{"line":107,"column":55}}],"line":107},"12":{"loc":{"start":{"line":112,"column":2},"end":{"line":114,"column":3}},"type":"if","locations":[{"start":{"line":112,"column":2},"end":{"line":114,"column":3}},{"start":{},"end":{}}],"line":112},"13":{"loc":{"start":{"line":125,"column":38},"end":{"line":125,"column":54}},"type":"default-arg","locations":[{"start":{"line":125,"column":51},"end":{"line":125,"column":54}}],"line":125},"14":{"loc":{"start":{"line":137,"column":32},"end":{"line":137,"column":76}},"type":"default-arg","locations":[{"start":{"line":137,"column":41},"end":{"line":137,"column":76}}],"line":137},"15":{"loc":{"start":{"line":138,"column":14},"end":{"line":138,"column":58}},"type":"binary-expr","locations":[{"start":{"line":138,"column":14},"end":{"line":138,"column":35}},{"start":{"line":138,"column":39},"end":{"line":138,"column":58}}],"line":138},"16":{"loc":{"start":{"line":139,"column":15},"end":{"line":139,"column":42}},"type":"binary-expr","locations":[{"start":{"line":139,"column":15},"end":{"line":139,"column":37}},{"start":{"line":139,"column":41},"end":{"line":139,"column":42}}],"line":139},"17":{"loc":{"start":{"line":142,"column":2},"end":{"line":144,"column":3}},"type":"if","locations":[{"start":{"line":142,"column":2},"end":{"line":144,"column":3}},{"start":{},"end":{}}],"line":142},"18":{"loc":{"start":{"line":145,"column":2},"end":{"line":147,"column":3}},"type":"if","locations":[{"start":{"line":145,"column":2},"end":{"line":147,"column":3}},{"start":{},"end":{}}],"line":145},"19":{"loc":{"start":{"line":148,"column":2},"end":{"line":150,"column":3}},"type":"if","locations":[{"start":{"line":148,"column":2},"end":{"line":150,"column":3}},{"start":{},"end":{}}],"line":148},"20":{"loc":{"start":{"line":162,"column":2},"end":{"line":162,"column":40}},"type":"if","locations":[{"start":{"line":162,"column":2},"end":{"line":162,"column":40}},{"start":{},"end":{}}],"line":162},"21":{"loc":{"start":{"line":162,"column":6},"end":{"line":162,"column":25}},"type":"binary-expr","locations":[{"start":{"line":162,"column":6},"end":{"line":162,"column":11}},{"start":{"line":162,"column":15},"end":{"line":162,"column":25}}],"line":162}},"s":{"0":10,"1":0,"2":10,"3":1,"4":0,"5":1,"6":0,"7":0,"8":0,"9":0,"10":6,"11":0,"12":6,"13":6,"14":1,"15":6,"16":1,"17":6,"18":3,"19":0,"20":3,"21":3,"22":3,"23":3,"24":0,"25":1,"26":1,"27":1,"28":0,"29":1,"30":0,"31":1,"32":0,"33":1,"34":0,"35":0,"36":0,"37":3},"f":{"0":10,"1":1,"2":0,"3":0,"4":6,"5":3,"6":0,"7":1,"8":0},"b":{"0":[0,10],"1":[0,1],"2":[0,0],"3":[0],"4":[0],"5":[0,6],"6":[1,5],"7":[1,5],"8":[6,5,5],"9":[0],"10":[0,3],"11":[3,0],"12":[3,0],"13":[0],"14":[0],"15":[1,1],"16":[1,1],"17":[0,1],"18":[0,1],"19":[0,1],"20":[0,0],"21":[0,0]},"_coverageSchema":"1a1c01bbd47fc00a2c39e90264f33305004495a9","hash":"f7911b36162f2956cc902bf34d26412494750999"}
}
