TN:
SF:data/messages.js
FN:48,getByRoom
FN:51,(anonymous_1)
FN:54,(anonymous_2)
FN:69,findById
FN:70,(anonymous_4)
FN:84,createMessage
FN:108,updateMessage
FN:109,(anonymous_7)
FN:133,deleteMessage
FN:134,(anonymous_9)
FN:151,isOwner
FN:162,getByUser
FN:163,(anonymous_12)
FN:172,searchMessages
FN:175,(anonymous_14)
FNF:15
FNH:11
FNDA:1,getByRoom
FNDA:3,(anonymous_1)
FNDA:2,(anonymous_2)
FNDA:6,findById
FNDA:32,(anonymous_4)
FNDA:3,createMessage
FNDA:1,updateMessage
FNDA:5,(anonymous_7)
FNDA:1,deleteMessage
FNDA:6,(anonymous_9)
FNDA:3,isOwner
FNDA:0,getByUser
FNDA:0,(anonymous_12)
FNDA:0,searchMessages
FNDA:0,(anonymous_14)
DA:3,3
DA:6,3
DA:49,1
DA:51,3
DA:53,1
DA:54,2
DA:57,1
DA:58,1
DA:60,1
DA:70,32
DA:72,6
DA:73,0
DA:76,6
DA:85,3
DA:97,3
DA:98,3
DA:109,5
DA:111,1
DA:114,1
DA:120,1
DA:121,1
DA:122,1
DA:124,1
DA:134,6
DA:136,1
DA:138,1
DA:139,1
DA:140,1
DA:142,1
DA:152,3
DA:153,3
DA:154,3
DA:163,0
DA:173,0
DA:175,0
DA:176,0
DA:177,0
DA:178,0
DA:182,3
LF:39
LH:32
BRDA:48,0,0,0
BRDA:49,1,0,0
BRDA:49,2,0,0
BRDA:49,3,0,1
BRDA:53,4,0,1
BRDA:53,4,1,0
BRDA:69,5,0,3
BRDA:70,6,0,32
BRDA:70,6,1,6
BRDA:72,7,0,0
BRDA:72,7,1,6
BRDA:72,8,0,6
BRDA:72,8,1,6
BRDA:72,8,2,3
BRDA:76,9,0,6
BRDA:76,9,1,0
BRDA:86,10,0,3
BRDA:86,10,1,0
BRDA:109,11,0,5
BRDA:109,11,1,1
BRDA:111,12,0,0
BRDA:111,12,1,1
BRDA:134,13,0,6
BRDA:134,13,1,1
BRDA:136,14,0,0
BRDA:136,14,1,1
BRDA:153,15,0,0
BRDA:153,15,1,3
BRDA:163,16,0,0
BRDA:163,16,1,0
BRDA:172,17,0,0
BRDA:176,18,0,0
BRDA:176,18,1,0
BRDA:177,19,0,0
BRDA:177,19,1,0
BRDA:177,20,0,0
BRDA:177,20,1,0
BRF:37
BRH:18
end_of_record
TN:
SF:data/rooms.js
FN:27,getAllRooms
FN:36,findById
FN:37,(anonymous_2)
FN:46,isMember
FN:58,canAccess
FN:75,isOwner
FN:87,addMember
FN:103,removeMember
FN:120,createRoom
FN:139,getRoomsForUser
FN:140,(anonymous_10)
FNF:11
FNH:6
FNDA:1,getAllRooms
FNDA:15,findById
FNDA:17,(anonymous_2)
FNDA:3,isMember
FNDA:3,canAccess
FNDA:1,isOwner
FNDA:0,addMember
FNDA:0,removeMember
FNDA:0,createRoom
FNDA:0,getRoomsForUser
FNDA:0,(anonymous_10)
DA:4,3
DA:28,1
DA:37,17
DA:47,3
DA:48,3
DA:49,3
DA:59,3
DA:60,3
DA:63,3
DA:66,0
DA:76,1
DA:77,1
DA:78,1
DA:88,0
DA:89,0
DA:91,0
DA:92,0
DA:94,0
DA:104,0
DA:105,0
DA:107,0
DA:108,0
DA:109,0
DA:110,0
DA:112,0
DA:121,0
DA:130,0
DA:131,0
DA:140,0
DA:143,3
LF:30
LH:13
BRDA:37,0,0,15
BRDA:37,0,1,1
BRDA:48,1,0,0
BRDA:48,1,1,3
BRDA:60,2,0,0
BRDA:60,2,1,3
BRDA:63,3,0,3
BRDA:63,3,1,0
BRDA:77,4,0,0
BRDA:77,4,1,1
BRDA:89,5,0,0
BRDA:89,5,1,0
BRDA:91,6,0,0
BRDA:91,6,1,0
BRDA:105,7,0,0
BRDA:105,7,1,0
BRDA:108,8,0,0
BRDA:108,8,1,0
BRDA:124,9,0,0
BRDA:124,9,1,0
BRDA:126,10,0,0
BRDA:126,10,1,0
BRDA:140,11,0,0
BRDA:140,11,1,0
BRF:24
BRH:6
end_of_record
TN:
SF:data/sessions.js
FN:22,createSession
FN:44,getSession
FN:62,updateActivity
FN:74,deleteSession
FN:83,deleteUserSessions
FN:99,isValidSession
FN:108,blacklistToken
FN:120,isTokenBlacklisted
FN:138,cleanup
FN:159,startCleanup
FN:169,stopCleanup
FN:180,getSessionCount
FN:188,getBlacklistCount
FNF:13
FNH:7
FNDA:9,createSession
FNDA:15,getSession
FNDA:14,updateActivity
FNDA:1,deleteSession
FNDA:0,deleteUserSessions
FNDA:15,isValidSession
FNDA:1,blacklistToken
FNDA:15,isTokenBlacklisted
FNDA:0,cleanup
FNDA:0,startCleanup
FNDA:0,stopCleanup
FNDA:0,getSessionCount
FNDA:0,getBlacklistCount
DA:4,3
DA:7,3
DA:10,3
DA:13,3
DA:23,9
DA:24,9
DA:26,9
DA:35,9
DA:36,9
DA:45,15
DA:47,15
DA:49,15
DA:50,0
DA:51,0
DA:55,15
DA:63,14
DA:64,14
DA:65,14
DA:75,1
DA:84,0
DA:85,0
DA:86,0
DA:87,0
DA:88,0
DA:91,0
DA:100,15
DA:109,1
DA:121,15
DA:123,15
DA:125,0
DA:126,0
DA:127,0
DA:129,0
DA:132,15
DA:139,0
DA:142,0
DA:143,0
DA:144,0
DA:149,0
DA:150,0
DA:151,0
DA:160,0
DA:162,0
DA:163,0
DA:170,0
DA:171,0
DA:172,0
DA:181,0
DA:189,0
DA:192,3
LF:50
LH:23
BRDA:47,0,0,15
BRDA:47,0,1,0
BRDA:49,1,0,0
BRDA:49,1,1,15
BRDA:55,2,0,15
BRDA:55,2,1,0
BRDA:64,3,0,14
BRDA:64,3,1,0
BRDA:86,4,0,0
BRDA:86,4,1,0
BRDA:123,5,0,0
BRDA:123,5,1,15
BRDA:125,6,0,0
BRDA:125,6,1,0
BRDA:143,7,0,0
BRDA:143,7,1,0
BRDA:150,8,0,0
BRDA:150,8,1,0
BRDA:160,9,0,0
BRDA:160,9,1,0
BRDA:170,10,0,0
BRDA:170,10,1,0
BRF:22
BRH:5
end_of_record
TN:
SF:data/users.js
FN:48,initializeUsers
FN:75,findByUsername
FN:76,(anonymous_2)
FN:84,findByEmail
FN:85,(anonymous_4)
FN:93,findById
FN:94,(anonymous_6)
FN:103,findExisting
FN:104,(anonymous_8)
FN:113,verifyPassword
FN:122,createUser
FN:147,updateStatus
FN:160,getAllUsers
FN:161,(anonymous_13)
FN:175,isInitialized
FNF:15
FNH:12
FNDA:3,initializeUsers
FNDA:10,findByUsername
FNDA:14,(anonymous_2)
FNDA:1,findByEmail
FNDA:1,(anonymous_4)
FNDA:26,findById
FNDA:34,(anonymous_6)
FNDA:2,findExisting
FNDA:4,(anonymous_8)
FNDA:10,verifyPassword
FNDA:1,createUser
FNDA:11,updateStatus
FNDA:0,getAllUsers
FNDA:0,(anonymous_13)
FNDA:0,isInitialized
DA:4,3
DA:5,3
DA:8,3
DA:9,3
DA:12,3
DA:49,3
DA:51,3
DA:52,9
DA:53,9
DA:66,3
DA:67,3
DA:76,14
DA:85,1
DA:94,34
DA:104,4
DA:114,10
DA:123,1
DA:125,1
DA:137,1
DA:138,1
DA:148,11
DA:149,11
DA:150,11
DA:151,11
DA:153,11
DA:161,0
DA:176,0
DA:179,3
LF:28
LH:26
BRDA:49,0,0,0
BRDA:49,0,1,3
BRDA:76,1,0,10
BRDA:76,1,1,1
BRDA:85,2,0,1
BRDA:85,2,1,0
BRDA:94,3,0,26
BRDA:94,3,1,0
BRDA:104,4,0,2
BRDA:104,4,1,1
BRDA:104,5,0,4
BRDA:104,5,1,3
BRDA:149,6,0,11
BRDA:149,6,1,0
BRF:14
BRH:10
end_of_record
TN:
SF:data/whispers.js
FN:38,getAll
FN:46,getBasicMessages
FN:61,getAuthenticatedMessages
FN:62,(anonymous_3)
FN:77,getAdminMessages
FN:78,(anonymous_5)
FN:93,getDecryptionTools
FN:106,getFinalCipher
FN:116,createWhisper
FN:139,getByRecipient
FN:140,(anonymous_10)
FNF:11
FNH:5
FNDA:0,getAll
FNDA:0,getBasicMessages
FNDA:1,getAuthenticatedMessages
FNDA:2,(anonymous_3)
FNDA:2,getAdminMessages
FNDA:4,(anonymous_5)
FNDA:2,getDecryptionTools
FNDA:0,getFinalCipher
FNDA:0,createWhisper
FNDA:0,getByRecipient
FNDA:0,(anonymous_10)
DA:3,3
DA:4,3
DA:7,3
DA:32,3
DA:39,0
DA:47,0
DA:62,2
DA:78,4
DA:94,2
DA:107,0
DA:117,0
DA:130,0
DA:131,0
DA:140,0
DA:143,3
LF:15
LH:8
BRDA:85,0,0,2
BRDA:85,0,1,2
BRDA:119,1,0,0
BRDA:119,1,1,0
BRDA:125,2,0,0
BRDA:125,2,1,0
BRDA:127,3,0,0
BRDA:127,3,1,0
BRF:8
BRH:2
end_of_record
TN:
SF:middleware/auth.js
FN:13,requireAuth
FN:83,optionalAuth
FN:137,requireRole
FN:138,(anonymous_3)
FN:157,generateToken
FN:186,verifyToken
FNF:6
FNH:3
FNDA:19,requireAuth
FNDA:5,optionalAuth
FNDA:0,requireRole
FNDA:0,(anonymous_3)
FNDA:9,generateToken
FNDA:0,verifyToken
DA:4,3
DA:5,3
DA:6,3
DA:7,3
DA:14,19
DA:15,19
DA:17,19
DA:18,4
DA:21,15
DA:22,0
DA:25,15
DA:27,15
DA:28,0
DA:33,15
DA:34,15
DA:36,1
DA:37,0
DA:39,1
DA:43,14
DA:44,0
DA:48,14
DA:49,0
DA:53,14
DA:54,14
DA:55,0
DA:59,14
DA:60,14
DA:64,14
DA:72,14
DA:74,0
DA:75,0
DA:84,5
DA:85,5
DA:87,5
DA:88,4
DA:89,4
DA:92,1
DA:94,1
DA:95,0
DA:96,0
DA:99,1
DA:100,1
DA:103,1
DA:104,0
DA:105,0
DA:109,1
DA:110,0
DA:111,0
DA:114,1
DA:122,0
DA:125,1
DA:127,0
DA:128,0
DA:138,0
DA:139,0
DA:140,0
DA:143,0
DA:144,0
DA:147,0
DA:158,9
DA:159,9
DA:162,9
DA:163,9
DA:164,9
DA:166,9
DA:178,9
DA:187,0
DA:188,0
DA:191,0
DA:192,0
DA:196,0
DA:197,0
DA:200,0
DA:202,0
DA:206,3
LF:75
LH:44
BRDA:17,0,0,4
BRDA:17,0,1,15
BRDA:21,1,0,0
BRDA:21,1,1,15
BRDA:27,2,0,0
BRDA:27,2,1,15
BRDA:36,3,0,0
BRDA:36,3,1,1
BRDA:43,4,0,0
BRDA:43,4,1,14
BRDA:43,5,0,14
BRDA:43,5,1,14
BRDA:48,6,0,0
BRDA:48,6,1,14
BRDA:48,7,0,14
BRDA:48,7,1,14
BRDA:54,8,0,0
BRDA:54,8,1,14
BRDA:59,9,0,14
BRDA:59,9,1,0
BRDA:87,10,0,4
BRDA:87,10,1,1
BRDA:87,11,0,5
BRDA:87,11,1,1
BRDA:94,12,0,0
BRDA:94,12,1,1
BRDA:103,13,0,0
BRDA:103,13,1,1
BRDA:103,14,0,1
BRDA:103,14,1,1
BRDA:109,15,0,0
BRDA:109,15,1,1
BRDA:109,16,0,1
BRDA:109,16,1,1
BRDA:139,17,0,0
BRDA:139,17,1,0
BRDA:143,18,0,0
BRDA:143,18,1,0
BRDA:163,19,0,9
BRDA:163,19,1,0
BRDA:191,20,0,0
BRDA:191,20,1,0
BRDA:191,21,0,0
BRDA:191,21,1,0
BRDA:196,22,0,0
BRDA:196,22,1,0
BRDA:196,23,0,0
BRDA:196,23,1,0
BRF:48
BRH:25
end_of_record
TN:
SF:middleware/rateLimit.js
FN:14,createRateLimiter
FN:19,(anonymous_1)
FN:22,(anonymous_2)
FN:92,userRateLimiter
FN:95,(anonymous_4)
FNF:5
FNH:2
FNDA:9,createRateLimiter
FNDA:0,(anonymous_1)
FNDA:15,(anonymous_2)
FNDA:0,userRateLimiter
FNDA:0,(anonymous_4)
DA:4,3
DA:7,3
DA:19,0
DA:20,9
DA:22,9
DA:24,15
DA:25,15
DA:27,0
DA:28,0
DA:31,0
DA:32,0
DA:33,0
DA:38,0
DA:40,0
DA:41,0
DA:45,0
DA:48,0
DA:51,0
DA:52,0
DA:54,0
DA:61,0
DA:62,0
DA:68,0
DA:73,3
DA:79,3
DA:85,3
DA:93,0
DA:96,0
DA:97,0
DA:99,0
DA:103,0
DA:106,3
LF:32
LH:10
BRDA:14,0,0,0
BRDA:16,1,0,0
BRDA:17,2,0,0
BRDA:18,3,0,0
BRDA:19,4,0,9
BRDA:19,5,0,0
BRDA:19,5,1,0
BRDA:19,5,2,0
BRDA:24,6,0,15
BRDA:24,6,1,0
BRDA:32,7,0,0
BRDA:32,7,1,0
BRDA:40,8,0,0
BRDA:40,8,1,0
BRDA:40,9,0,0
BRDA:40,9,1,0
BRDA:61,10,0,0
BRDA:61,10,1,0
BRDA:92,11,0,0
BRDA:96,12,0,0
BRDA:96,12,1,0
BRDA:96,13,0,0
BRDA:96,13,1,0
BRDA:99,14,0,0
BRDA:99,14,1,0
BRDA:99,14,2,0
BRF:26
BRH:2
end_of_record
TN:
SF:middleware/validation.js
FN:9,validateLogin
FN:46,validateRegister
FN:97,validateMessage
FN:127,validateStatus
FN:146,validateWhisper
FN:177,validateRoomId
FN:197,validateMessageId
FN:217,sanitizePagination
FNF:8
FNH:7
FNDA:12,validateLogin
FNDA:4,validateRegister
FNDA:6,validateMessage
FNDA:2,validateStatus
FNDA:0,validateWhisper
FNDA:9,validateRoomId
FNDA:3,validateMessageId
FNDA:2,sanitizePagination
DA:4,3
DA:10,12
DA:13,12
DA:14,1
DA:18,11
DA:19,0
DA:23,11
DA:24,0
DA:28,11
DA:29,0
DA:33,11
DA:34,10
DA:36,11
DA:37,1
DA:40,11
DA:47,4
DA:50,4
DA:51,1
DA:55,3
DA:56,0
DA:59,3
DA:61,3
DA:62,0
DA:65,3
DA:66,0
DA:70,3
DA:71,1
DA:75,2
DA:76,0
DA:79,2
DA:80,0
DA:83,2
DA:84,0
DA:88,2
DA:89,2
DA:91,2
DA:98,6
DA:100,6
DA:101,1
DA:104,5
DA:105,0
DA:108,5
DA:110,5
DA:111,0
DA:114,5
DA:115,0
DA:119,5
DA:121,5
DA:128,2
DA:130,2
DA:131,0
DA:134,2
DA:136,2
DA:137,1
DA:140,1
DA:147,0
DA:149,0
DA:150,0
DA:153,0
DA:154,0
DA:157,0
DA:158,0
DA:160,0
DA:161,0
DA:164,0
DA:165,0
DA:168,0
DA:169,0
DA:171,0
DA:178,9
DA:180,9
DA:181,0
DA:184,9
DA:185,0
DA:189,9
DA:191,9
DA:198,3
DA:200,3
DA:201,0
DA:204,3
DA:205,0
DA:209,3
DA:211,3
DA:218,2
DA:219,0
DA:220,0
DA:223,2
DA:224,0
DA:225,0
DA:228,2
DA:231,3
LF:91
LH:56
BRDA:13,0,0,1
BRDA:13,0,1,11
BRDA:13,1,0,12
BRDA:13,1,1,11
BRDA:18,2,0,0
BRDA:18,2,1,11
BRDA:18,3,0,11
BRDA:18,3,1,1
BRDA:23,4,0,0
BRDA:23,4,1,11
BRDA:23,5,0,11
BRDA:23,5,1,10
BRDA:28,6,0,0
BRDA:28,6,1,11
BRDA:28,7,0,11
BRDA:28,7,1,1
BRDA:33,8,0,10
BRDA:33,8,1,1
BRDA:36,9,0,1
BRDA:36,9,1,10
BRDA:50,10,0,1
BRDA:50,10,1,3
BRDA:50,11,0,4
BRDA:50,11,1,4
BRDA:50,11,2,3
BRDA:55,12,0,0
BRDA:55,12,1,3
BRDA:61,13,0,0
BRDA:61,13,1,3
BRDA:61,14,0,3
BRDA:61,14,1,3
BRDA:65,15,0,0
BRDA:65,15,1,3
BRDA:70,16,0,1
BRDA:70,16,1,2
BRDA:75,17,0,0
BRDA:75,17,1,2
BRDA:79,18,0,0
BRDA:79,18,1,2
BRDA:83,19,0,0
BRDA:83,19,1,2
BRDA:100,20,0,1
BRDA:100,20,1,5
BRDA:104,21,0,0
BRDA:104,21,1,5
BRDA:110,22,0,0
BRDA:110,22,1,5
BRDA:114,23,0,0
BRDA:114,23,1,5
BRDA:130,24,0,0
BRDA:130,24,1,2
BRDA:136,25,0,1
BRDA:136,25,1,1
BRDA:149,26,0,0
BRDA:149,26,1,0
BRDA:149,27,0,0
BRDA:149,27,1,0
BRDA:153,28,0,0
BRDA:153,28,1,0
BRDA:153,29,0,0
BRDA:153,29,1,0
BRDA:160,30,0,0
BRDA:160,30,1,0
BRDA:164,31,0,0
BRDA:164,31,1,0
BRDA:180,32,0,0
BRDA:180,32,1,9
BRDA:184,33,0,0
BRDA:184,33,1,9
BRDA:184,34,0,9
BRDA:184,34,1,9
BRDA:200,35,0,0
BRDA:200,35,1,3
BRDA:204,36,0,0
BRDA:204,36,1,3
BRDA:204,37,0,3
BRDA:204,37,1,3
BRDA:218,38,0,0
BRDA:218,38,1,2
BRDA:220,39,0,0
BRDA:220,39,1,0
BRDA:223,40,0,0
BRDA:223,40,1,2
BRDA:225,41,0,0
BRDA:225,41,1,0
BRF:85
BRH:50
end_of_record
TN:
SF:routes/auth.js
FN:15,(anonymous_0)
FN:60,(anonymous_1)
FN:91,(anonymous_2)
FN:118,(anonymous_3)
FN:139,(anonymous_4)
FN:172,(anonymous_5)
FN:189,(anonymous_6)
FNF:7
FNH:5
FNDA:11,(anonymous_0)
FNDA:2,(anonymous_1)
FNDA:1,(anonymous_2)
FNDA:1,(anonymous_3)
FNDA:1,(anonymous_4)
FNDA:0,(anonymous_5)
FNDA:0,(anonymous_6)
DA:1,3
DA:2,3
DA:4,3
DA:5,3
DA:6,3
DA:7,3
DA:8,3
DA:9,3
DA:10,3
DA:12,3
DA:15,3
DA:16,11
DA:17,11
DA:21,11
DA:22,10
DA:23,1
DA:24,1
DA:27,11
DA:28,1
DA:32,10
DA:33,10
DA:34,1
DA:38,9
DA:39,9
DA:42,9
DA:45,9
DA:48,9
DA:54,0
DA:55,0
DA:60,3
DA:61,2
DA:62,2
DA:65,2
DA:67,2
DA:68,1
DA:72,1
DA:80,1
DA:85,0
DA:86,0
DA:91,3
DA:92,1
DA:93,1
DA:96,1
DA:99,1
DA:100,1
DA:104,1
DA:105,1
DA:106,1
DA:107,1
DA:110,1
DA:112,0
DA:113,0
DA:118,3
DA:119,1
DA:120,1
DA:122,1
DA:124,1
DA:125,0
DA:130,1
DA:132,0
DA:133,0
DA:139,3
DA:140,1
DA:141,1
DA:142,1
DA:145,1
DA:148,1
DA:149,0
DA:150,0
DA:152,0
DA:155,1
DA:157,1
DA:158,0
DA:161,1
DA:166,0
DA:167,0
DA:172,3
DA:173,0
DA:174,0
DA:175,0
DA:178,0
DA:179,0
DA:183,0
DA:184,0
DA:187,0
DA:189,0
DA:191,0
DA:200,0
DA:201,0
DA:205,3
LF:90
LH:63
BRDA:21,0,0,10
BRDA:21,0,1,1
BRDA:23,1,0,1
BRDA:23,1,1,0
BRDA:27,2,0,1
BRDA:27,2,1,10
BRDA:33,3,0,1
BRDA:33,3,1,9
BRDA:67,4,0,1
BRDA:67,4,1,1
BRDA:99,5,0,1
BRDA:99,5,1,0
BRDA:104,6,0,1
BRDA:104,6,1,0
BRDA:124,7,0,0
BRDA:124,7,1,1
BRDA:148,8,0,0
BRDA:148,8,1,1
BRDA:148,9,0,1
BRDA:148,9,1,0
BRDA:149,10,0,0
BRDA:149,10,1,0
BRDA:157,11,0,0
BRDA:157,11,1,1
BRDA:178,12,0,0
BRDA:178,12,1,0
BRDA:178,13,0,0
BRDA:178,13,1,0
BRF:28
BRH:15
end_of_record
TN:
SF:routes/messages.js
FN:15,(anonymous_0)
FN:38,(anonymous_1)
FN:48,(anonymous_2)
FN:58,(anonymous_3)
FN:70,(anonymous_4)
FN:98,(anonymous_5)
FN:116,(anonymous_6)
FN:147,(anonymous_7)
FN:184,(anonymous_8)
FN:218,(anonymous_9)
FNF:10
FNH:7
FNDA:0,(anonymous_0)
FNDA:0,(anonymous_1)
FNDA:1,(anonymous_2)
FNDA:2,(anonymous_3)
FNDA:2,(anonymous_4)
FNDA:2,(anonymous_5)
FNDA:0,(anonymous_6)
FNDA:3,(anonymous_7)
FNDA:2,(anonymous_8)
FNDA:1,(anonymous_9)
DA:1,3
DA:2,3
DA:4,3
DA:5,3
DA:6,3
DA:7,3
DA:8,3
DA:9,3
DA:10,3
DA:12,3
DA:15,3
DA:16,0
DA:17,0
DA:18,0
DA:20,0
DA:21,0
DA:25,0
DA:26,0
DA:27,0
DA:28,0
DA:30,0
DA:31,0
DA:35,0
DA:37,0
DA:38,0
DA:42,0
DA:43,0
DA:48,3
DA:49,1
DA:50,1
DA:51,1
DA:53,1
DA:57,1
DA:59,2
DA:60,2
DA:64,0
DA:65,0
DA:70,3
DA:71,2
DA:72,2
DA:73,2
DA:75,2
DA:77,2
DA:78,1
DA:82,1
DA:83,0
DA:87,1
DA:90,1
DA:92,1
DA:97,1
DA:99,2
DA:100,2
DA:110,0
DA:111,0
DA:116,3
DA:117,0
DA:118,0
DA:119,0
DA:121,0
DA:123,0
DA:124,0
DA:128,0
DA:129,0
DA:132,0
DA:134,0
DA:135,0
DA:138,0
DA:139,0
DA:141,0
DA:142,0
DA:147,3
DA:148,3
DA:149,3
DA:150,3
DA:151,3
DA:153,3
DA:154,3
DA:155,0
DA:159,3
DA:160,0
DA:163,3
DA:171,3
DA:173,3
DA:178,0
DA:179,0
DA:184,3
DA:185,2
DA:186,2
DA:187,2
DA:188,2
DA:190,2
DA:191,2
DA:192,0
DA:195,2
DA:196,2
DA:197,0
DA:201,2
DA:202,1
DA:205,1
DA:207,1
DA:212,0
DA:213,0
DA:218,3
DA:219,1
DA:220,1
DA:221,1
DA:223,1
DA:224,1
DA:225,0
DA:228,1
DA:229,1
DA:230,0
DA:234,1
DA:235,1
DA:236,1
DA:238,1
DA:239,0
DA:242,1
DA:244,1
DA:246,0
DA:247,0
DA:251,3
LF:122
LH:73
BRDA:20,0,0,0
BRDA:20,0,1,0
BRDA:20,1,0,0
BRDA:20,1,1,0
BRDA:25,2,0,0
BRDA:25,2,1,0
BRDA:27,3,0,0
BRDA:27,3,1,0
BRDA:30,4,0,0
BRDA:30,4,1,0
BRDA:77,5,0,1
BRDA:77,5,1,1
BRDA:82,6,0,0
BRDA:82,6,1,1
BRDA:82,7,0,1
BRDA:82,7,1,0
BRDA:123,8,0,0
BRDA:123,8,1,0
BRDA:128,9,0,0
BRDA:128,9,1,0
BRDA:128,10,0,0
BRDA:128,10,1,0
BRDA:134,11,0,0
BRDA:134,11,1,0
BRDA:154,12,0,0
BRDA:154,12,1,3
BRDA:159,13,0,0
BRDA:159,13,1,3
BRDA:191,14,0,0
BRDA:191,14,1,2
BRDA:196,15,0,0
BRDA:196,15,1,2
BRDA:201,16,0,1
BRDA:201,16,1,1
BRDA:224,17,0,0
BRDA:224,17,1,1
BRDA:229,18,0,0
BRDA:229,18,1,1
BRDA:236,19,0,1
BRDA:236,19,1,1
BRDA:238,20,0,0
BRDA:238,20,1,1
BRDA:238,21,0,1
BRDA:238,21,1,0
BRDA:238,21,2,0
BRF:45
BRH:16
end_of_record
TN:
SF:routes/whisper.js
FN:15,(anonymous_0)
FN:85,(anonymous_1)
FN:133,(anonymous_2)
FNF:3
FNH:1
FNDA:5,(anonymous_0)
FNDA:0,(anonymous_1)
FNDA:0,(anonymous_2)
DA:4,3
DA:6,3
DA:7,3
DA:8,3
DA:9,3
DA:10,3
DA:12,3
DA:15,3
DA:16,5
DA:18,5
DA:19,5
DA:21,5
DA:22,5
DA:25,5
DA:26,1
DA:27,1
DA:31,5
DA:32,1
DA:33,1
DA:37,5
DA:38,1
DA:39,1
DA:42,5
DA:43,2
DA:54,3
DA:60,3
DA:61,1
DA:62,2
DA:64,2
DA:65,2
DA:67,0
DA:70,3
DA:77,3
DA:79,0
DA:80,0
DA:85,3
DA:86,0
DA:87,0
DA:88,0
DA:90,0
DA:92,0
DA:93,0
DA:96,0
DA:97,0
DA:100,0
DA:101,0
DA:104,0
DA:105,0
DA:108,0
DA:110,0
DA:117,0
DA:127,0
DA:128,0
DA:133,3
DA:134,0
DA:135,0
DA:137,0
DA:138,0
DA:142,0
DA:144,0
DA:145,0
DA:147,0
DA:148,0
DA:150,0
DA:153,0
DA:159,0
DA:160,0
DA:164,3
LF:68
LH:35
BRDA:25,0,0,1
BRDA:25,0,1,4
BRDA:31,1,0,1
BRDA:31,1,1,4
BRDA:37,2,0,1
BRDA:37,2,1,4
BRDA:42,3,0,2
BRDA:42,3,1,3
BRDA:60,4,0,1
BRDA:60,4,1,2
BRDA:62,5,0,2
BRDA:62,5,1,0
BRDA:62,6,0,2
BRDA:62,6,1,1
BRDA:73,7,0,2
BRDA:73,7,1,1
BRDA:73,8,0,3
BRDA:73,8,1,2
BRDA:92,9,0,0
BRDA:92,9,1,0
BRDA:96,10,0,0
BRDA:96,10,1,0
BRDA:100,11,0,0
BRDA:100,11,1,0
BRDA:104,12,0,0
BRDA:104,12,1,0
BRDA:108,13,0,0
BRDA:114,14,0,0
BRDA:114,14,1,0
BRDA:137,15,0,0
BRDA:137,15,1,0
BRDA:137,16,0,0
BRDA:137,16,1,0
BRDA:142,17,0,0
BRDA:142,17,1,0
BRDA:142,17,2,0
BRDA:144,18,0,0
BRDA:144,18,1,0
BRF:38
BRH:17
end_of_record
TN:
SF:utils/crypto.js
FN:12,xorEncryptDecrypt
FN:26,caesarEncode
FN:27,(anonymous_2)
FN:39,caesarDecode
FN:40,(anonymous_4)
FN:51,rot13
FN:60,sha256Hash
FN:69,generateRandomToken
FNF:8
FNH:2
FNDA:0,xorEncryptDecrypt
FNDA:3,caesarEncode
FNDA:87,(anonymous_2)
FNDA:0,caesarDecode
FNDA:0,(anonymous_4)
FNDA:0,rot13
FNDA:0,sha256Hash
FNDA:0,generateRandomToken
DA:4,3
DA:13,0
DA:14,0
DA:15,0
DA:17,0
DA:27,3
DA:28,87
DA:29,87
DA:40,0
DA:41,0
DA:42,0
DA:52,0
DA:61,0
DA:70,0
DA:73,3
LF:15
LH:5
BRDA:28,0,0,3
BRDA:28,0,1,84
BRDA:41,1,0,0
BRDA:41,1,1,0
BRDA:69,2,0,0
BRF:5
BRH:2
end_of_record
TN:
SF:utils/helpers.js
FN:9,sanitizeUserForAuth
FN:26,sanitizeUserForProfile
FN:44,sanitizeUserForAdminList
FN:60,sanitizeUser
FN:71,sanitizeMessage
FN:100,sanitizeRoom
FN:125,createErrorResponse
FN:137,parsePagination
FN:161,hasRole
FNF:9
FNH:5
FNDA:10,sanitizeUserForAuth
FNDA:1,sanitizeUserForProfile
FNDA:0,sanitizeUserForAdminList
FNDA:0,sanitizeUser
FNDA:6,sanitizeMessage
FNDA:3,sanitizeRoom
FNDA:0,createErrorResponse
FNDA:1,parsePagination
FNDA:0,hasRole
DA:10,10
DA:12,10
DA:27,1
DA:29,1
DA:45,0
DA:47,0
DA:62,0
DA:72,6
DA:74,6
DA:82,6
DA:83,1
DA:87,6
DA:88,1
DA:91,6
DA:101,3
DA:103,3
DA:112,3
DA:113,3
DA:116,3
DA:126,0
DA:138,1
DA:139,1
DA:142,1
DA:143,0
DA:145,1
DA:146,0
DA:148,1
DA:149,0
DA:152,1
DA:162,0
DA:163,0
DA:166,3
LF:32
LH:23
BRDA:10,0,0,0
BRDA:10,0,1,10
BRDA:27,1,0,0
BRDA:27,1,1,1
BRDA:45,2,0,0
BRDA:45,2,1,0
BRDA:60,3,0,0
BRDA:71,4,0,0
BRDA:72,5,0,0
BRDA:72,5,1,6
BRDA:82,6,0,1
BRDA:82,6,1,5
BRDA:87,7,0,1
BRDA:87,7,1,5
BRDA:87,8,0,6
BRDA:87,8,1,5
BRDA:87,8,2,5
BRDA:100,9,0,0
BRDA:101,10,0,0
BRDA:101,10,1,3
BRDA:107,11,0,3
BRDA:107,11,1,0
BRDA:112,12,0,3
BRDA:112,12,1,0
BRDA:125,13,0,0
BRDA:137,14,0,0
BRDA:138,15,0,1
BRDA:138,15,1,1
BRDA:139,16,0,1
BRDA:139,16,1,1
BRDA:142,17,0,0
BRDA:142,17,1,1
BRDA:145,18,0,0
BRDA:145,18,1,1
BRDA:148,19,0,0
BRDA:148,19,1,1
BRDA:162,20,0,0
BRDA:162,20,1,0
BRDA:162,21,0,0
BRDA:162,21,1,0
BRF:40
BRH:20
end_of_record
